<?xml version="1.0" encoding="UTF-8"?>
<robot generator="Robot 3.0.2 (Jython 2.7.0 on java1.8.0_111)" generated="20170717 15:11:57.026">
<suite source="C:\Users\tuanhq\projects\java\SikuliX-2014\HUAutomation\HUAutomation.robot" name="HUAutomation" id="s1">
<test name="Change Setting" id="s1-t1">
<kw library="HU" name="Exist Image">
<arguments>
<arg>C:\\Users\\tuanhq\\projects\\java\\SikuliX-2014\\HUAutomation/Images/Settings/AVAppIcon.png</arg>
</arguments>
<assign>
<var>${AV image}</var>
</assign>
<msg level="INFO" timestamp="20170717 15:12:11.773">${AV image} = False</msg>
<status endtime="20170717 15:12:11.775" starttime="20170717 15:12:08.556" status="PASS"></status>
</kw>
<kw library="BuiltIn" name="Run Keyword If">
<doc>Runs the given keyword with the given arguments, if ``condition`` is true.</doc>
<arguments>
<arg>${AV image}</arg>
<arg>Run Keywords</arg>
<arg>Tap AV</arg>
<arg>Tap SouceOff</arg>
</arguments>
<status endtime="20170717 15:12:11.784" starttime="20170717 15:12:11.778" status="PASS"></status>
</kw>
<kw library="BuiltIn" name="Run Keyword Unless">
<doc>Runs the given keyword with the given arguments, if ``condition`` is false.</doc>
<arguments>
<arg>${AV image}</arg>
<arg>Run Keywords</arg>
<arg>Press Hardkey Home</arg>
<arg>Tap AV</arg>
<arg>Tap SouceOff</arg>
</arguments>
<kw library="BuiltIn" name="Run Keywords">
<doc>Executes all the given keywords in a sequence.</doc>
<arguments>
<arg>Press Hardkey Home</arg>
<arg>Tap AV</arg>
<arg>Tap SouceOff</arg>
</arguments>
<kw name="Press Hardkey Home">
<kw library="HU" name="Press Hard Key">
<arguments>
<arg>14</arg>
</arguments>
<status endtime="20170717 15:12:12.814" starttime="20170717 15:12:11.802" status="PASS"></status>
</kw>
<status endtime="20170717 15:12:12.815" starttime="20170717 15:12:11.798" status="PASS"></status>
</kw>
<kw name="Tap AV">
<kw library="BuiltIn" name="Wait Until Keyword Succeeds">
<doc>Runs the specified keyword and retries if it fails.</doc>
<arguments>
<arg>3s</arg>
<arg>1s</arg>
<arg>HU.Tap</arg>
<arg>C:\\Users\\tuanhq\\projects\\java\\SikuliX-2014\\HUAutomation/Images/Settings/AVAppIcon.png</arg>
</arguments>
<kw library="HU" name="Tap">
<arguments>
<arg>C:\\Users\\tuanhq\\projects\\java\\SikuliX-2014\\HUAutomation/Images/Settings/AVAppIcon.png</arg>
</arguments>
<status endtime="20170717 15:12:15.399" starttime="20170717 15:12:12.824" status="PASS"></status>
</kw>
<status endtime="20170717 15:12:15.400" starttime="20170717 15:12:12.819" status="PASS"></status>
</kw>
<status endtime="20170717 15:12:15.403" starttime="20170717 15:12:12.817" status="PASS"></status>
</kw>
<kw name="Tap SouceOff">
<kw library="BuiltIn" name="Wait Until Keyword Succeeds">
<doc>Runs the specified keyword and retries if it fails.</doc>
<arguments>
<arg>3s</arg>
<arg>1s</arg>
<arg>HU.Tap Colllection</arg>
<arg>C:\\Users\\tuanhq\\projects\\java\\SikuliX-2014\\HUAutomation/Images/Settings/SourceOffICon</arg>
</arguments>
<kw library="HU" name="Tap Colllection">
<arguments>
<arg>C:\\Users\\tuanhq\\projects\\java\\SikuliX-2014\\HUAutomation/Images/Settings/SourceOffICon</arg>
</arguments>
<status endtime="20170717 15:12:19.335" starttime="20170717 15:12:15.414" status="PASS"></status>
</kw>
<status endtime="20170717 15:12:19.336" starttime="20170717 15:12:15.408" status="PASS"></status>
</kw>
<status endtime="20170717 15:12:19.339" starttime="20170717 15:12:15.405" status="PASS"></status>
</kw>
<status endtime="20170717 15:12:19.340" starttime="20170717 15:12:11.793" status="PASS"></status>
</kw>
<status endtime="20170717 15:12:19.343" starttime="20170717 15:12:11.786" status="PASS"></status>
</kw>
<kw library="HU" name="Tap Colllection">
<arguments>
<arg>C:\\Users\\tuanhq\\projects\\java\\SikuliX-2014\\HUAutomation/Images/Settings/SettingBTN</arg>
</arguments>
<status endtime="20170717 15:12:22.531" starttime="20170717 15:12:19.344" status="PASS"></status>
</kw>
<kw library="HU" name="Exist Image Collection">
<arguments>
<arg>C:\\Users\\tuanhq\\projects\\java\\SikuliX-2014\\HUAutomation/Images/Settings/Star</arg>
</arguments>
<assign>
<var>${star image}</var>
</assign>
<msg level="INFO" timestamp="20170717 15:12:23.984">${star image} = True</msg>
<status endtime="20170717 15:12:23.986" starttime="20170717 15:12:22.532" status="PASS"></status>
</kw>
<kw library="BuiltIn" name="Run Keyword If">
<doc>Runs the given keyword with the given arguments, if ``condition`` is true.</doc>
<arguments>
<arg>${star image}</arg>
<arg>Run Keyword</arg>
<arg>HU.Tap Colllection</arg>
<arg>C:\\Users\\tuanhq\\projects\\java\\SikuliX-2014\\HUAutomation/Images/Settings/Star</arg>
<arg>ELSE</arg>
<arg>Fail And Capture</arg>
<arg>Not found start image</arg>
</arguments>
<kw library="BuiltIn" name="Run Keyword">
<doc>Executes the given keyword with the given arguments.</doc>
<arguments>
<arg>HU.Tap Colllection</arg>
<arg>C:\\Users\\tuanhq\\projects\\java\\SikuliX-2014\\HUAutomation/Images/Settings/Star</arg>
</arguments>
<kw library="HU" name="Tap Colllection">
<arguments>
<arg>C:\\Users\\tuanhq\\projects\\java\\SikuliX-2014\\HUAutomation/Images/Settings/Star</arg>
</arguments>
<status endtime="20170717 15:12:26.482" starttime="20170717 15:12:24.002" status="PASS"></status>
</kw>
<status endtime="20170717 15:12:26.485" starttime="20170717 15:12:23.998" status="PASS"></status>
</kw>
<status endtime="20170717 15:12:26.486" starttime="20170717 15:12:23.988" status="PASS"></status>
</kw>
<kw library="BuiltIn" name="Wait Until Keyword Succeeds">
<doc>Runs the specified keyword and retries if it fails.</doc>
<arguments>
<arg>3s</arg>
<arg>1s</arg>
<arg>HU.Tap Colllection</arg>
<arg>C:\\Users\\tuanhq\\projects\\java\\SikuliX-2014\\HUAutomation/Images/Settings/Setting</arg>
</arguments>
<kw library="HU" name="Tap Colllection">
<arguments>
<arg>C:\\Users\\tuanhq\\projects\\java\\SikuliX-2014\\HUAutomation/Images/Settings/Setting</arg>
</arguments>
<status endtime="20170717 15:12:28.827" starttime="20170717 15:12:26.517" status="PASS"></status>
</kw>
<status endtime="20170717 15:12:28.828" starttime="20170717 15:12:26.487" status="PASS"></status>
</kw>
<kw type="for" name="${i} IN RANGE [ 1 | 5 ]">
<kw type="foritem" name="${i} = 1">
<kw library="BuiltIn" name="Log">
<doc>Logs the given message with the given level.</doc>
<arguments>
<arg>${i}</arg>
</arguments>
<msg level="INFO" timestamp="20170717 15:12:28.840">1</msg>
<status endtime="20170717 15:12:28.841" starttime="20170717 15:12:28.838" status="PASS"></status>
</kw>
<kw library="BuiltIn" name="Run Keyword If">
<doc>Runs the given keyword with the given arguments, if ``condition`` is true.</doc>
<arguments>
<arg>${i}!=1</arg>
<arg>HU.A Swipe Down From</arg>
<arg>C:\\Users\\tuanhq\\projects\\java\\SikuliX-2014\\HUAutomation/Images/Settings/Scroolbar.png</arg>
</arguments>
<status endtime="20170717 15:12:28.863" starttime="20170717 15:12:28.842" status="PASS"></status>
</kw>
<kw library="HU" name="Get Location By Text">
<arguments>
<arg>System Information</arg>
</arguments>
<assign>
<var>${location}</var>
</assign>
<msg level="INFO" timestamp="20170717 15:12:30.597">b C System X

YY AV Source Settings I


[-g rel Off


#4) | 3% Input/Output Settings


o YY Camera settings


9 Y Demo Mode (oh</msg>
<msg level="INFO" timestamp="20170717 15:12:30.599">${location} = None</msg>
<status endtime="20170717 15:12:30.600" starttime="20170717 15:12:28.865" status="PASS"></status>
</kw>
<kw library="BuiltIn" name="Log">
<doc>Logs the given message with the given level.</doc>
<arguments>
<arg>${location}</arg>
</arguments>
<msg level="INFO" timestamp="20170717 15:12:30.603">None</msg>
<status endtime="20170717 15:12:30.604" starttime="20170717 15:12:30.601" status="PASS"></status>
</kw>
<kw library="BuiltIn" name="Run Keyword If">
<doc>Runs the given keyword with the given arguments, if ``condition`` is true.</doc>
<arguments>
<arg>"${location}" == "${None}"</arg>
<arg>Continue For Loop</arg>
<arg>ELSE</arg>
<arg>Tap A Location And Exit For</arg>
<arg>${location}</arg>
</arguments>
<kw library="BuiltIn" name="Continue For Loop">
<doc>Skips the current for loop iteration and continues from the next.</doc>
<msg level="INFO" timestamp="20170717 15:12:30.614">Continuing for loop from the next iteration.</msg>
<status endtime="20170717 15:12:30.615" starttime="20170717 15:12:30.612" status="PASS"></status>
</kw>
<status endtime="20170717 15:12:30.616" starttime="20170717 15:12:30.605" status="PASS"></status>
</kw>
<status endtime="20170717 15:12:30.616" starttime="20170717 15:12:28.837" status="PASS"></status>
</kw>
<kw type="foritem" name="${i} = 2">
<kw library="BuiltIn" name="Log">
<doc>Logs the given message with the given level.</doc>
<arguments>
<arg>${i}</arg>
</arguments>
<msg level="INFO" timestamp="20170717 15:12:30.828">2</msg>
<status endtime="20170717 15:12:30.833" starttime="20170717 15:12:30.618" status="PASS"></status>
</kw>
<kw library="BuiltIn" name="Run Keyword If">
<doc>Runs the given keyword with the given arguments, if ``condition`` is true.</doc>
<arguments>
<arg>${i}!=1</arg>
<arg>HU.A Swipe Down From</arg>
<arg>C:\\Users\\tuanhq\\projects\\java\\SikuliX-2014\\HUAutomation/Images/Settings/Scroolbar.png</arg>
</arguments>
<kw library="HU" name="A Swipe Down From">
<arguments>
<arg>C:\\Users\\tuanhq\\projects\\java\\SikuliX-2014\\HUAutomation/Images/Settings/Scroolbar.png</arg>
</arguments>
<status endtime="20170717 15:12:33.265" starttime="20170717 15:12:30.845" status="PASS"></status>
</kw>
<status endtime="20170717 15:12:33.266" starttime="20170717 15:12:30.835" status="PASS"></status>
</kw>
<kw library="HU" name="Get Location By Text">
<arguments>
<arg>System Information</arg>
</arguments>
<assign>
<var>${location}</var>
</assign>
<msg level="INFO" timestamp="20170717 15:12:34.923">b ¢ System y/4

Y Demo Mode (oh


[ -4 Y System Language English


x4)) |_ 3% Steering Wheel Control I


o YX Restore Settings


Q | * English (UK)</msg>
<msg level="INFO" timestamp="20170717 15:12:34.925">${location} = None</msg>
<status endtime="20170717 15:12:34.925" starttime="20170717 15:12:33.268" status="PASS"></status>
</kw>
<kw library="BuiltIn" name="Log">
<doc>Logs the given message with the given level.</doc>
<arguments>
<arg>${location}</arg>
</arguments>
<msg level="INFO" timestamp="20170717 15:12:34.928">None</msg>
<status endtime="20170717 15:12:34.932" starttime="20170717 15:12:34.926" status="PASS"></status>
</kw>
<kw library="BuiltIn" name="Run Keyword If">
<doc>Runs the given keyword with the given arguments, if ``condition`` is true.</doc>
<arguments>
<arg>"${location}" == "${None}"</arg>
<arg>Continue For Loop</arg>
<arg>ELSE</arg>
<arg>Tap A Location And Exit For</arg>
<arg>${location}</arg>
</arguments>
<kw library="BuiltIn" name="Continue For Loop">
<doc>Skips the current for loop iteration and continues from the next.</doc>
<msg level="INFO" timestamp="20170717 15:12:34.939">Continuing for loop from the next iteration.</msg>
<status endtime="20170717 15:12:34.940" starttime="20170717 15:12:34.937" status="PASS"></status>
</kw>
<status endtime="20170717 15:12:34.941" starttime="20170717 15:12:34.933" status="PASS"></status>
</kw>
<status endtime="20170717 15:12:34.941" starttime="20170717 15:12:30.617" status="PASS"></status>
</kw>
<kw type="foritem" name="${i} = 3">
<kw library="BuiltIn" name="Log">
<doc>Logs the given message with the given level.</doc>
<arguments>
<arg>${i}</arg>
</arguments>
<msg level="INFO" timestamp="20170717 15:12:34.945">3</msg>
<status endtime="20170717 15:12:34.945" starttime="20170717 15:12:34.943" status="PASS"></status>
</kw>
<kw library="BuiltIn" name="Run Keyword If">
<doc>Runs the given keyword with the given arguments, if ``condition`` is true.</doc>
<arguments>
<arg>${i}!=1</arg>
<arg>HU.A Swipe Down From</arg>
<arg>C:\\Users\\tuanhq\\projects\\java\\SikuliX-2014\\HUAutomation/Images/Settings/Scroolbar.png</arg>
</arguments>
<kw library="HU" name="A Swipe Down From">
<arguments>
<arg>C:\\Users\\tuanhq\\projects\\java\\SikuliX-2014\\HUAutomation/Images/Settings/Scroolbar.png</arg>
</arguments>
<status endtime="20170717 15:12:37.406" starttime="20170717 15:12:34.951" status="PASS"></status>
</kw>
<status endtime="20170717 15:12:37.407" starttime="20170717 15:12:34.946" status="PASS"></status>
</kw>
<kw library="HU" name="Get Location By Text">
<arguments>
<arg>System Information</arg>
</arguments>
<assign>
<var>${location}</var>
</assign>
<msg level="INFO" timestamp="20170717 15:12:38.970">b ¢ System y/4

Y English (UK)


[ .4 YY Beep Tone On


16) YY Touch Panel Calibration


@ | y&lt; Dimmer Settings I


[}] realty Left</msg>
<msg level="INFO" timestamp="20170717 15:12:38.972">${location} = None</msg>
<status endtime="20170717 15:12:38.972" starttime="20170717 15:12:37.408" status="PASS"></status>
</kw>
<kw library="BuiltIn" name="Log">
<doc>Logs the given message with the given level.</doc>
<arguments>
<arg>${location}</arg>
</arguments>
<msg level="INFO" timestamp="20170717 15:12:38.977">None</msg>
<status endtime="20170717 15:12:38.978" starttime="20170717 15:12:38.973" status="PASS"></status>
</kw>
<kw library="BuiltIn" name="Run Keyword If">
<doc>Runs the given keyword with the given arguments, if ``condition`` is true.</doc>
<arguments>
<arg>"${location}" == "${None}"</arg>
<arg>Continue For Loop</arg>
<arg>ELSE</arg>
<arg>Tap A Location And Exit For</arg>
<arg>${location}</arg>
</arguments>
<kw library="BuiltIn" name="Continue For Loop">
<doc>Skips the current for loop iteration and continues from the next.</doc>
<msg level="INFO" timestamp="20170717 15:12:38.985">Continuing for loop from the next iteration.</msg>
<status endtime="20170717 15:12:38.987" starttime="20170717 15:12:38.984" status="PASS"></status>
</kw>
<status endtime="20170717 15:12:38.988" starttime="20170717 15:12:38.979" status="PASS"></status>
</kw>
<status endtime="20170717 15:12:38.989" starttime="20170717 15:12:34.942" status="PASS"></status>
</kw>
<kw type="foritem" name="${i} = 4">
<kw library="BuiltIn" name="Log">
<doc>Logs the given message with the given level.</doc>
<arguments>
<arg>${i}</arg>
</arguments>
<msg level="INFO" timestamp="20170717 15:12:38.992">4</msg>
<status endtime="20170717 15:12:38.993" starttime="20170717 15:12:38.990" status="PASS"></status>
</kw>
<kw library="BuiltIn" name="Run Keyword If">
<doc>Runs the given keyword with the given arguments, if ``condition`` is true.</doc>
<arguments>
<arg>${i}!=1</arg>
<arg>HU.A Swipe Down From</arg>
<arg>C:\\Users\\tuanhq\\projects\\java\\SikuliX-2014\\HUAutomation/Images/Settings/Scroolbar.png</arg>
</arguments>
<kw library="HU" name="A Swipe Down From">
<arguments>
<arg>C:\\Users\\tuanhq\\projects\\java\\SikuliX-2014\\HUAutomation/Images/Settings/Scroolbar.png</arg>
</arguments>
<status endtime="20170717 15:12:41.414" starttime="20170717 15:12:39.001" status="PASS"></status>
</kw>
<status endtime="20170717 15:12:41.414" starttime="20170717 15:12:38.995" status="PASS"></status>
</kw>
<kw library="HU" name="Get Location By Text">
<arguments>
<arg>System Information</arg>
</arguments>
<assign>
<var>${location}</var>
</assign>
<msg level="INFO" timestamp="20170717 15:12:42.961">b C System X

YY Dimmer Settings


hed Y Driving Position Left


()) YY Android Auto Auto-launch On


O YY Picture Adjustment


9 Y System Information I</msg>
<msg level="INFO" timestamp="20170717 15:12:42.963">${location} = &lt;Libs.SikuliWraper.LocationPy instance at 0x58&gt;</msg>
<status endtime="20170717 15:12:42.964" starttime="20170717 15:12:41.415" status="PASS"></status>
</kw>
<kw library="BuiltIn" name="Log">
<doc>Logs the given message with the given level.</doc>
<arguments>
<arg>${location}</arg>
</arguments>
<msg level="INFO" timestamp="20170717 15:12:42.967">&lt;Libs.SikuliWraper.LocationPy instance at 0x58&gt;</msg>
<status endtime="20170717 15:12:42.968" starttime="20170717 15:12:42.965" status="PASS"></status>
</kw>
<kw library="BuiltIn" name="Run Keyword If">
<doc>Runs the given keyword with the given arguments, if ``condition`` is true.</doc>
<arguments>
<arg>"${location}" == "${None}"</arg>
<arg>Continue For Loop</arg>
<arg>ELSE</arg>
<arg>Tap A Location And Exit For</arg>
<arg>${location}</arg>
</arguments>
<kw name="Tap A Location And Exit For">
<arguments>
<arg>${location}</arg>
</arguments>
<kw library="BuiltIn" name="Wait Until Keyword Succeeds">
<doc>Runs the specified keyword and retries if it fails.</doc>
<arguments>
<arg>3s</arg>
<arg>1s</arg>
<arg>HU.Tap Location</arg>
<arg>${location.x}</arg>
<arg>${location.y}</arg>
</arguments>
<kw library="HU" name="Tap Location">
<arguments>
<arg>${location.x}</arg>
<arg>${location.y}</arg>
</arguments>
<status endtime="20170717 15:12:43.993" starttime="20170717 15:12:42.982" status="PASS"></status>
</kw>
<status endtime="20170717 15:12:43.994" starttime="20170717 15:12:42.978" status="PASS"></status>
</kw>
<kw library="BuiltIn" name="Exit For Loop">
<doc>Stops executing the enclosing for loop.</doc>
<msg level="INFO" timestamp="20170717 15:12:43.996">Exiting for loop altogether.</msg>
<status endtime="20170717 15:12:43.997" starttime="20170717 15:12:43.995" status="PASS"></status>
</kw>
<status endtime="20170717 15:12:43.998" starttime="20170717 15:12:42.975" status="PASS"></status>
</kw>
<status endtime="20170717 15:12:43.999" starttime="20170717 15:12:42.969" status="PASS"></status>
</kw>
<status endtime="20170717 15:12:43.999" starttime="20170717 15:12:38.989" status="PASS"></status>
</kw>
<status endtime="20170717 15:12:44.000" starttime="20170717 15:12:28.829" status="PASS"></status>
</kw>
<kw library="BuiltIn" name="Log">
<doc>Logs the given message with the given level.</doc>
<arguments>
<arg>END LOOP</arg>
</arguments>
<msg level="INFO" timestamp="20170717 15:12:44.003">END LOOP</msg>
<status endtime="20170717 15:12:44.004" starttime="20170717 15:12:44.001" status="PASS"></status>
</kw>
<kw library="BuiltIn" name="Wait Until Keyword Succeeds">
<doc>Runs the specified keyword and retries if it fails.</doc>
<arguments>
<arg>3s</arg>
<arg>1s</arg>
<arg>HU.Tap Text</arg>
<arg>Firmware Information</arg>
</arguments>
<kw library="HU" name="Tap Text">
<arguments>
<arg>Firmware Information</arg>
</arguments>
<msg level="INFO" timestamp="20170717 15:12:46.241">b C 1 System 4

YX - Firmware Information</msg>
<status endtime="20170717 15:12:46.243" starttime="20170717 15:12:44.008" status="PASS"></status>
</kw>
<status endtime="20170717 15:12:46.244" starttime="20170717 15:12:44.005" status="PASS"></status>
</kw>
<kw library="BuiltIn" name="Wait Until Keyword Succeeds">
<doc>Runs the specified keyword and retries if it fails.</doc>
<arguments>
<arg>3s</arg>
<arg>1s</arg>
<arg>HU.Long Press Target</arg>
<arg>C:\\Users\\tuanhq\\projects\\java\\SikuliX-2014\\HUAutomation/Images/Settings/FirmwareTitle/FirmwareTitle2.png</arg>
<arg>4000</arg>
</arguments>
<kw library="HU" name="Long Press Target">
<arguments>
<arg>C:\\Users\\tuanhq\\projects\\java\\SikuliX-2014\\HUAutomation/Images/Settings/FirmwareTitle/FirmwareTitle2.png</arg>
<arg>4000</arg>
</arguments>
<status endtime="20170717 15:12:52.654" starttime="20170717 15:12:46.249" status="PASS"></status>
</kw>
<status endtime="20170717 15:12:52.655" starttime="20170717 15:12:46.245" status="PASS"></status>
</kw>
<kw library="BuiltIn" name="Wait Until Keyword Succeeds">
<doc>Runs the specified keyword and retries if it fails.</doc>
<arguments>
<arg>5s</arg>
<arg>1s</arg>
<arg>HU.Read Text Right Image</arg>
<arg>C:\\Users\\tuanhq\\projects\\java\\SikuliX-2014\\HUAutomation/Images/Settings/FirmwareText/Firmware.jpg</arg>
</arguments>
<assign>
<var>${firmware version}</var>
</assign>
<kw library="HU" name="Read Text Right Image">
<arguments>
<arg>C:\\Users\\tuanhq\\projects\\java\\SikuliX-2014\\HUAutomation/Images/Settings/FirmwareText/Firmware.jpg</arg>
</arguments>
<status endtime="20170717 15:12:55.138" starttime="20170717 15:12:52.662" status="PASS"></status>
</kw>
<msg level="INFO" timestamp="20170717 15:12:55.139">${firmware version} = 1.040000 i

</msg>
<status endtime="20170717 15:12:55.140" starttime="20170717 15:12:52.656" status="PASS"></status>
</kw>
<kw library="BuiltIn" name="Log">
<doc>Logs the given message with the given level.</doc>
<arguments>
<arg>Firmware verion: ${firmware version}</arg>
</arguments>
<msg level="INFO" timestamp="20170717 15:12:55.145">Firmware verion: 1.040000 i

</msg>
<status endtime="20170717 15:12:55.146" starttime="20170717 15:12:55.141" status="PASS"></status>
</kw>
<kw name="Sucess And Capture">
<arguments>
<arg>Firmware version matches with 1.040000</arg>
</arguments>
<kw library="OperatingSystem" name="Create Directory">
<doc>Creates the specified directory.</doc>
<arguments>
<arg>C:\\Users\\tuanhq\\projects\\java\\SikuliX-2014\\HUAutomation/OutputResources</arg>
</arguments>
<msg level="INFO" html="yes" timestamp="20170717 15:12:55.152">Directory '&lt;a href="file://C:\Users\tuanhq\projects\java\SikuliX-2014\HUAutomation\OutputResources"&gt;C:\Users\tuanhq\projects\java\SikuliX-2014\HUAutomation\OutputResources&lt;/a&gt;' already exists.</msg>
<status endtime="20170717 15:12:55.153" starttime="20170717 15:12:55.149" status="PASS"></status>
</kw>
<kw library="HU" name="Capture Screen And Return File Name">
<arguments>
<arg>C:\\Users\\tuanhq\\projects\\java\\SikuliX-2014\\HUAutomation/OutputResources</arg>
<arg>${TEST NAME}</arg>
</arguments>
<assign>
<var>${image name}</var>
</assign>
<msg level="INFO" timestamp="20170717 15:12:55.808">${image name} = Change Setting-1500279175687.png</msg>
<status endtime="20170717 15:12:55.808" starttime="20170717 15:12:55.155" status="PASS"></status>
</kw>
<kw library="BuiltIn" name="Log">
<doc>Logs the given message with the given level.</doc>
<arguments>
<arg>${message} &lt;img src="OutputResources/${image name}" alt="${message}"/&gt;</arg>
<arg>HTML</arg>
</arguments>
<msg level="INFO" html="yes" timestamp="20170717 15:12:55.816">Firmware version matches with 1.040000 &lt;img src="OutputResources/Change Setting-1500279175687.png" alt="Firmware version matches with 1.040000"/&gt;</msg>
<status endtime="20170717 15:12:55.817" starttime="20170717 15:12:55.809" status="PASS"></status>
</kw>
<status endtime="20170717 15:12:55.819" starttime="20170717 15:12:55.147" status="PASS"></status>
</kw>
<kw library="BuiltIn" name="Wait Until Keyword Succeeds">
<doc>Runs the specified keyword and retries if it fails.</doc>
<arguments>
<arg>5s</arg>
<arg>1s</arg>
<arg>HU.Read Text Right</arg>
<arg>Platform</arg>
</arguments>
<assign>
<var>${Data version}</var>
</assign>
<kw library="HU" name="Read Text Right">
<arguments>
<arg>Platform</arg>
</arguments>
<msg level="INFO" timestamp="20170717 15:12:58.704">*
A
Firmware
Information
74
Firmware
1.040000
(
.4
Platform</msg>
<status endtime="20170717 15:12:58.705" starttime="20170717 15:12:55.826" status="PASS"></status>
</kw>
<msg level="INFO" timestamp="20170717 15:12:58.706">${Data version} = \ 1 040000 - M

</msg>
<status endtime="20170717 15:12:58.706" starttime="20170717 15:12:55.821" status="PASS"></status>
</kw>
<kw library="BuiltIn" name="Log">
<doc>Logs the given message with the given level.</doc>
<arguments>
<arg>Dataverion : ${Data version}</arg>
</arguments>
<msg level="INFO" timestamp="20170717 15:12:58.709">Dataverion : \ 1 040000 - M

</msg>
<status endtime="20170717 15:12:58.709" starttime="20170717 15:12:58.707" status="PASS"></status>
</kw>
<kw library="BuiltIn" name="Run Keyword And Continue On Failure">
<doc>Runs the keyword and continues execution even if a failure occurs.</doc>
<arguments>
<arg>Fail And Capture</arg>
<arg>Data version don't matches with 1.040000234</arg>
</arguments>
<kw name="Fail And Capture">
<arguments>
<arg>Data version don't matches with 1.040000234</arg>
</arguments>
<kw library="OperatingSystem" name="Create Directory">
<doc>Creates the specified directory.</doc>
<arguments>
<arg>C:\\Users\\tuanhq\\projects\\java\\SikuliX-2014\\HUAutomation/OutputResources</arg>
</arguments>
<msg level="INFO" html="yes" timestamp="20170717 15:12:58.720">Directory '&lt;a href="file://C:\Users\tuanhq\projects\java\SikuliX-2014\HUAutomation\OutputResources"&gt;C:\Users\tuanhq\projects\java\SikuliX-2014\HUAutomation\OutputResources&lt;/a&gt;' already exists.</msg>
<status endtime="20170717 15:12:58.722" starttime="20170717 15:12:58.716" status="PASS"></status>
</kw>
<kw library="HU" name="Capture Screen And Return File Name">
<arguments>
<arg>C:\\Users\\tuanhq\\projects\\java\\SikuliX-2014\\HUAutomation/OutputResources</arg>
<arg>${TEST NAME}</arg>
</arguments>
<assign>
<var>${image name}</var>
</assign>
<msg level="INFO" timestamp="20170717 15:12:59.514">${image name} = Change Setting-1500279179277.png</msg>
<status endtime="20170717 15:12:59.515" starttime="20170717 15:12:58.724" status="PASS"></status>
</kw>
<kw library="BuiltIn" name="Fail">
<doc>Fails the test with the given message and optionally alters its tags.</doc>
<arguments>
<arg>*HTML*${message} &lt;img src="OutputResources/${image name}" alt="${message}"/&gt;</arg>
</arguments>
<msg level="FAIL" html="yes" timestamp="20170717 15:12:59.520">Data version don't matches with 1.040000234 &lt;img src="OutputResources/Change Setting-1500279179277.png" alt="Data version don't matches with 1.040000234"/&gt;</msg>
<status endtime="20170717 15:12:59.521" starttime="20170717 15:12:59.516" status="FAIL"></status>
</kw>
<status endtime="20170717 15:12:59.523" starttime="20170717 15:12:58.714" status="FAIL"></status>
</kw>
<status endtime="20170717 15:12:59.523" starttime="20170717 15:12:58.711" status="FAIL"></status>
</kw>
<kw library="BuiltIn" name="Wait Until Keyword Succeeds">
<doc>Runs the specified keyword and retries if it fails.</doc>
<arguments>
<arg>5s</arg>
<arg>1s</arg>
<arg>HU.Tap Colllection</arg>
<arg>C:\\Users\\tuanhq\\projects\\java\\SikuliX-2014\\HUAutomation/Images/Settings/ThemeBTN</arg>
</arguments>
<kw library="HU" name="Tap Colllection">
<arguments>
<arg>C:\\Users\\tuanhq\\projects\\java\\SikuliX-2014\\HUAutomation/Images/Settings/ThemeBTN</arg>
</arguments>
<status endtime="20170717 15:13:01.924" starttime="20170717 15:12:59.528" status="PASS"></status>
</kw>
<status endtime="20170717 15:13:01.925" starttime="20170717 15:12:59.524" status="PASS"></status>
</kw>
<kw library="BuiltIn" name="Wait Until Keyword Succeeds">
<doc>Runs the specified keyword and retries if it fails.</doc>
<arguments>
<arg>3s</arg>
<arg>1s</arg>
<arg>HU.Tap</arg>
<arg>C:\\Users\\tuanhq\\projects\\java\\SikuliX-2014\\HUAutomation/Images/Settings/Clock.jpg</arg>
</arguments>
<kw library="HU" name="Tap">
<arguments>
<arg>C:\\Users\\tuanhq\\projects\\java\\SikuliX-2014\\HUAutomation/Images/Settings/Clock.jpg</arg>
</arguments>
<status endtime="20170717 15:13:04.294" starttime="20170717 15:13:01.928" status="PASS"></status>
</kw>
<status endtime="20170717 15:13:04.294" starttime="20170717 15:13:01.926" status="PASS"></status>
</kw>
<kw library="BuiltIn" name="Wait Until Keyword Succeeds">
<doc>Runs the specified keyword and retries if it fails.</doc>
<arguments>
<arg>3s</arg>
<arg>1s</arg>
<arg>HU.Tap</arg>
<arg>C:\\Users\\tuanhq\\projects\\java\\SikuliX-2014\\HUAutomation/Images/Settings/BackBTN.png</arg>
</arguments>
<kw library="HU" name="Tap">
<arguments>
<arg>C:\\Users\\tuanhq\\projects\\java\\SikuliX-2014\\HUAutomation/Images/Settings/BackBTN.png</arg>
</arguments>
<status endtime="20170717 15:13:08.378" starttime="20170717 15:13:04.298" status="PASS"></status>
</kw>
<status endtime="20170717 15:13:08.379" starttime="20170717 15:13:04.295" status="PASS"></status>
</kw>
<kw library="BuiltIn" name="Run Keyword">
<doc>Executes the given keyword with the given arguments.</doc>
<arguments>
<arg>HU.Tap Colllection</arg>
<arg>C:\\Users\\tuanhq\\projects\\java\\SikuliX-2014\\HUAutomation/Images/Settings/SpeakerBTN</arg>
</arguments>
<kw library="HU" name="Tap Colllection">
<arguments>
<arg>C:\\Users\\tuanhq\\projects\\java\\SikuliX-2014\\HUAutomation/Images/Settings/SpeakerBTN</arg>
</arguments>
<status endtime="20170717 15:13:10.716" starttime="20170717 15:13:08.383" status="PASS"></status>
</kw>
<status endtime="20170717 15:13:10.717" starttime="20170717 15:13:08.380" status="PASS"></status>
</kw>
<kw type="for" name="${i} IN RANGE [ 1 | 4 ]">
<kw type="foritem" name="${i} = 1">
<kw library="BuiltIn" name="Sleep">
<doc>Pauses the test executed for the given time.</doc>
<arguments>
<arg>2s</arg>
</arguments>
<msg level="INFO" timestamp="20170717 15:13:12.726">Slept 2 seconds</msg>
<status endtime="20170717 15:13:12.727" starttime="20170717 15:13:10.723" status="PASS"></status>
</kw>
<kw library="HU" name="A Swipe Down From">
<arguments>
<arg>C:\\Users\\tuanhq\\projects\\java\\SikuliX-2014\\HUAutomation/Images/Settings/Scroolbar.png</arg>
</arguments>
<status endtime="20170717 15:13:15.125" starttime="20170717 15:13:12.728" status="PASS"></status>
</kw>
<status endtime="20170717 15:13:15.126" starttime="20170717 15:13:10.722" status="PASS"></status>
</kw>
<kw type="foritem" name="${i} = 2">
<kw library="BuiltIn" name="Sleep">
<doc>Pauses the test executed for the given time.</doc>
<arguments>
<arg>2s</arg>
</arguments>
<msg level="INFO" timestamp="20170717 15:13:17.129">Slept 2 seconds</msg>
<status endtime="20170717 15:13:17.130" starttime="20170717 15:13:15.127" status="PASS"></status>
</kw>
<kw library="HU" name="A Swipe Down From">
<arguments>
<arg>C:\\Users\\tuanhq\\projects\\java\\SikuliX-2014\\HUAutomation/Images/Settings/Scroolbar.png</arg>
</arguments>
<status endtime="20170717 15:13:19.567" starttime="20170717 15:13:17.131" status="PASS"></status>
</kw>
<status endtime="20170717 15:13:19.568" starttime="20170717 15:13:15.127" status="PASS"></status>
</kw>
<kw type="foritem" name="${i} = 3">
<kw library="BuiltIn" name="Sleep">
<doc>Pauses the test executed for the given time.</doc>
<arguments>
<arg>2s</arg>
</arguments>
<msg level="INFO" timestamp="20170717 15:13:21.572">Slept 2 seconds</msg>
<status endtime="20170717 15:13:21.573" starttime="20170717 15:13:19.570" status="PASS"></status>
</kw>
<kw library="HU" name="A Swipe Down From">
<arguments>
<arg>C:\\Users\\tuanhq\\projects\\java\\SikuliX-2014\\HUAutomation/Images/Settings/Scroolbar.png</arg>
</arguments>
<status endtime="20170717 15:13:24.013" starttime="20170717 15:13:21.574" status="PASS"></status>
</kw>
<status endtime="20170717 15:13:24.013" starttime="20170717 15:13:19.569" status="PASS"></status>
</kw>
<status endtime="20170717 15:13:24.013" starttime="20170717 15:13:10.718" status="PASS"></status>
</kw>
<kw library="BuiltIn" name="Run Keyword">
<doc>Executes the given keyword with the given arguments.</doc>
<arguments>
<arg>HU.Tap Colllection</arg>
<arg>C:\\Users\\tuanhq\\projects\\java\\SikuliX-2014\\HUAutomation/Images/Settings/VideoBTN</arg>
</arguments>
<kw library="HU" name="Tap Colllection">
<arguments>
<arg>C:\\Users\\tuanhq\\projects\\java\\SikuliX-2014\\HUAutomation/Images/Settings/VideoBTN</arg>
</arguments>
<status endtime="20170717 15:13:26.396" starttime="20170717 15:13:24.016" status="PASS"></status>
</kw>
<status endtime="20170717 15:13:26.397" starttime="20170717 15:13:24.014" status="PASS"></status>
</kw>
<kw library="BuiltIn" name="Run Keyword">
<doc>Executes the given keyword with the given arguments.</doc>
<arguments>
<arg>HU.Tap Colllection</arg>
<arg>C:\\Users\\tuanhq\\projects\\java\\SikuliX-2014\\HUAutomation/Images/Settings/BluetoothBTN</arg>
</arguments>
<kw library="HU" name="Tap Colllection">
<arguments>
<arg>C:\\Users\\tuanhq\\projects\\java\\SikuliX-2014\\HUAutomation/Images/Settings/BluetoothBTN</arg>
</arguments>
<status endtime="20170717 15:13:28.789" starttime="20170717 15:13:26.401" status="PASS"></status>
</kw>
<status endtime="20170717 15:13:28.790" starttime="20170717 15:13:26.398" status="PASS"></status>
</kw>
<kw type="for" name="${i} IN RANGE [ 1 | 4 ]">
<kw type="foritem" name="${i} = 1">
<kw library="BuiltIn" name="Sleep">
<doc>Pauses the test executed for the given time.</doc>
<arguments>
<arg>2s</arg>
</arguments>
<msg level="INFO" timestamp="20170717 15:13:30.798">Slept 2 seconds</msg>
<status endtime="20170717 15:13:30.886" starttime="20170717 15:13:28.796" status="PASS"></status>
</kw>
<kw library="HU" name="A Swipe Down From">
<arguments>
<arg>C:\\Users\\tuanhq\\projects\\java\\SikuliX-2014\\HUAutomation/Images/Settings/Scroolbar.png</arg>
</arguments>
<status endtime="20170717 15:13:33.297" starttime="20170717 15:13:30.887" status="PASS"></status>
</kw>
<status endtime="20170717 15:13:33.299" starttime="20170717 15:13:28.795" status="PASS"></status>
</kw>
<kw type="foritem" name="${i} = 2">
<kw library="BuiltIn" name="Sleep">
<doc>Pauses the test executed for the given time.</doc>
<arguments>
<arg>2s</arg>
</arguments>
<msg level="INFO" timestamp="20170717 15:13:35.302">Slept 2 seconds</msg>
<status endtime="20170717 15:13:35.303" starttime="20170717 15:13:33.301" status="PASS"></status>
</kw>
<kw library="HU" name="A Swipe Down From">
<arguments>
<arg>C:\\Users\\tuanhq\\projects\\java\\SikuliX-2014\\HUAutomation/Images/Settings/Scroolbar.png</arg>
</arguments>
<status endtime="20170717 15:13:37.923" starttime="20170717 15:13:35.305" status="PASS"></status>
</kw>
<status endtime="20170717 15:13:37.924" starttime="20170717 15:13:33.300" status="PASS"></status>
</kw>
<kw type="foritem" name="${i} = 3">
<kw library="BuiltIn" name="Sleep">
<doc>Pauses the test executed for the given time.</doc>
<arguments>
<arg>2s</arg>
</arguments>
<msg level="INFO" timestamp="20170717 15:13:39.927">Slept 2 seconds</msg>
<status endtime="20170717 15:13:39.928" starttime="20170717 15:13:37.925" status="PASS"></status>
</kw>
<kw library="HU" name="A Swipe Down From">
<arguments>
<arg>C:\\Users\\tuanhq\\projects\\java\\SikuliX-2014\\HUAutomation/Images/Settings/Scroolbar.png</arg>
</arguments>
<status endtime="20170717 15:13:42.515" starttime="20170717 15:13:39.930" status="PASS"></status>
</kw>
<status endtime="20170717 15:13:42.516" starttime="20170717 15:13:37.924" status="PASS"></status>
</kw>
<status endtime="20170717 15:13:42.516" starttime="20170717 15:13:28.790" status="PASS"></status>
</kw>
<kw library="BuiltIn" name="Sleep">
<doc>Pauses the test executed for the given time.</doc>
<arguments>
<arg>1s</arg>
</arguments>
<msg level="INFO" timestamp="20170717 15:13:43.518">Slept 1 second</msg>
<status endtime="20170717 15:13:43.519" starttime="20170717 15:13:42.517" status="PASS"></status>
</kw>
<kw library="HU" name="Tap">
<arguments>
<arg>C:\\Users\\tuanhq\\projects\\java\\SikuliX-2014\\HUAutomation/Images/Settings/CloseBTN.png</arg>
</arguments>
<status endtime="20170717 15:13:45.926" starttime="20170717 15:13:43.520" status="PASS"></status>
</kw>
<status critical="yes" endtime="20170717 15:13:45.927" starttime="20170717 15:12:08.549" status="FAIL">*HTML*Data version don't matches with 1.040000234 &lt;img src="OutputResources/Change Setting-1500279179277.png" alt="Data version don't matches with 1.040000234"/&gt;</status>
</test>
<test name="Press Eject Icon" id="s1-t2">
<kw name="Press Eject Icon">
<arguments>
<arg>C:\\Users\\tuanhq\\projects\\java\\SikuliX-2014\\HUAutomation/Images/Settings/DVDEJ.png</arg>
</arguments>
<kw library="BuiltIn" name="Log">
<doc>Logs the given message with the given level.</doc>
<arguments>
<arg>start ${image path}</arg>
</arguments>
<msg level="INFO" timestamp="20170717 15:13:45.943">start C:\Users\tuanhq\projects\java\SikuliX-2014\HUAutomation/Images/Settings/DVDEJ.png</msg>
<status endtime="20170717 15:13:45.944" starttime="20170717 15:13:45.941" status="PASS"></status>
</kw>
<kw library="HU" name="Exist Image">
<arguments>
<arg>${image path}</arg>
</arguments>
<assign>
<var>${image exist}</var>
</assign>
<msg level="INFO" timestamp="20170717 15:13:49.012">${image exist} = False</msg>
<status endtime="20170717 15:13:49.013" starttime="20170717 15:13:45.945" status="PASS"></status>
</kw>
<kw library="BuiltIn" name="Run Keyword If">
<doc>Runs the given keyword with the given arguments, if ``condition`` is true.</doc>
<arguments>
<arg>${image exist}</arg>
<arg>HU.Tap</arg>
<arg>${image path}</arg>
</arguments>
<status endtime="20170717 15:13:49.015" starttime="20170717 15:13:49.013" status="PASS"></status>
</kw>
<kw library="BuiltIn" name="Run Keyword If">
<doc>Runs the given keyword with the given arguments, if ``condition`` is true.</doc>
<arguments>
<arg>${image exist}</arg>
<arg>Sleep</arg>
<arg>1s</arg>
</arguments>
<status endtime="20170717 15:13:49.018" starttime="20170717 15:13:49.016" status="PASS"></status>
</kw>
<kw library="BuiltIn" name="Run Keyword If">
<doc>Runs the given keyword with the given arguments, if ``condition`` is true.</doc>
<arguments>
<arg>${image exist}</arg>
<arg>Log</arg>
<arg>if true start press hard key</arg>
</arguments>
<status endtime="20170717 15:13:49.021" starttime="20170717 15:13:49.019" status="PASS"></status>
</kw>
<kw library="BuiltIn" name="Run Keyword If">
<doc>Runs the given keyword with the given arguments, if ``condition`` is true.</doc>
<arguments>
<arg>${image exist}</arg>
<arg>HU.Press Hard Key</arg>
<arg>13</arg>
</arguments>
<status endtime="20170717 15:13:49.025" starttime="20170717 15:13:49.022" status="PASS"></status>
</kw>
<kw library="BuiltIn" name="Run Keyword If">
<doc>Runs the given keyword with the given arguments, if ``condition`` is true.</doc>
<arguments>
<arg>${image exist}</arg>
<arg>Log</arg>
<arg>if true end press hard key</arg>
</arguments>
<status endtime="20170717 15:13:49.029" starttime="20170717 15:13:49.027" status="PASS"></status>
</kw>
<kw library="BuiltIn" name="Run Keyword If">
<doc>Runs the given keyword with the given arguments, if ``condition`` is true.</doc>
<arguments>
<arg>${image exist}</arg>
<arg>Sleep</arg>
<arg>1s</arg>
</arguments>
<status endtime="20170717 15:13:49.032" starttime="20170717 15:13:49.030" status="PASS"></status>
</kw>
<kw library="BuiltIn" name="Run Keyword Unless">
<doc>Runs the given keyword with the given arguments, if ``condition`` is false.</doc>
<arguments>
<arg>${image exist}</arg>
<arg>Log</arg>
<arg>if false start press hard key</arg>
</arguments>
<kw library="BuiltIn" name="Log">
<doc>Logs the given message with the given level.</doc>
<arguments>
<arg>if false start press hard key</arg>
</arguments>
<msg level="INFO" timestamp="20170717 15:13:49.037">if false start press hard key</msg>
<status endtime="20170717 15:13:49.037" starttime="20170717 15:13:49.035" status="PASS"></status>
</kw>
<status endtime="20170717 15:13:49.038" starttime="20170717 15:13:49.033" status="PASS"></status>
</kw>
<kw library="BuiltIn" name="Run Keyword Unless">
<doc>Runs the given keyword with the given arguments, if ``condition`` is false.</doc>
<arguments>
<arg>${image exist}</arg>
<arg>HU.Press Hard Key</arg>
<arg>13</arg>
</arguments>
<kw library="HU" name="Press Hard Key">
<arguments>
<arg>13</arg>
</arguments>
<status endtime="20170717 15:13:50.066" starttime="20170717 15:13:49.042" status="PASS"></status>
</kw>
<status endtime="20170717 15:13:50.067" starttime="20170717 15:13:49.039" status="PASS"></status>
</kw>
<kw library="BuiltIn" name="Run Keyword Unless">
<doc>Runs the given keyword with the given arguments, if ``condition`` is false.</doc>
<arguments>
<arg>${image exist}</arg>
<arg>Log</arg>
<arg>if false end press hard key</arg>
</arguments>
<kw library="BuiltIn" name="Log">
<doc>Logs the given message with the given level.</doc>
<arguments>
<arg>if false end press hard key</arg>
</arguments>
<msg level="INFO" timestamp="20170717 15:13:50.071">if false end press hard key</msg>
<status endtime="20170717 15:13:50.072" starttime="20170717 15:13:50.070" status="PASS"></status>
</kw>
<status endtime="20170717 15:13:50.072" starttime="20170717 15:13:50.068" status="PASS"></status>
</kw>
<kw library="BuiltIn" name="Run Keyword Unless">
<doc>Runs the given keyword with the given arguments, if ``condition`` is false.</doc>
<arguments>
<arg>${image exist}</arg>
<arg>Sleep</arg>
<arg>1s</arg>
</arguments>
<kw library="BuiltIn" name="Sleep">
<doc>Pauses the test executed for the given time.</doc>
<arguments>
<arg>1s</arg>
</arguments>
<msg level="INFO" timestamp="20170717 15:13:51.076">Slept 1 second</msg>
<status endtime="20170717 15:13:51.078" starttime="20170717 15:13:50.075" status="PASS"></status>
</kw>
<status endtime="20170717 15:13:51.078" starttime="20170717 15:13:50.073" status="PASS"></status>
</kw>
<kw library="BuiltIn" name="Run Keyword Unless">
<doc>Runs the given keyword with the given arguments, if ``condition`` is false.</doc>
<arguments>
<arg>${image exist}</arg>
<arg>HU.Tap</arg>
<arg>${image path}</arg>
</arguments>
<kw library="HU" name="Tap">
<arguments>
<arg>${image path}</arg>
</arguments>
<status endtime="20170717 15:13:53.464" starttime="20170717 15:13:51.087" status="PASS"></status>
</kw>
<status endtime="20170717 15:13:53.465" starttime="20170717 15:13:51.083" status="PASS"></status>
</kw>
<kw library="BuiltIn" name="Run Keyword Unless">
<doc>Runs the given keyword with the given arguments, if ``condition`` is false.</doc>
<arguments>
<arg>${image exist}</arg>
<arg>Sleep</arg>
<arg>1s</arg>
</arguments>
<kw library="BuiltIn" name="Sleep">
<doc>Pauses the test executed for the given time.</doc>
<arguments>
<arg>1s</arg>
</arguments>
<msg level="INFO" timestamp="20170717 15:13:54.470">Slept 1 second</msg>
<status endtime="20170717 15:13:54.471" starttime="20170717 15:13:53.468" status="PASS"></status>
</kw>
<status endtime="20170717 15:13:54.472" starttime="20170717 15:13:53.466" status="PASS"></status>
</kw>
<kw library="BuiltIn" name="Run Keyword Unless">
<doc>Runs the given keyword with the given arguments, if ``condition`` is false.</doc>
<arguments>
<arg>${image exist}</arg>
<arg>Log</arg>
<arg>if false start press hard key 2nd</arg>
</arguments>
<kw library="BuiltIn" name="Log">
<doc>Logs the given message with the given level.</doc>
<arguments>
<arg>if false start press hard key 2nd</arg>
</arguments>
<msg level="INFO" timestamp="20170717 15:13:54.480">if false start press hard key 2nd</msg>
<status endtime="20170717 15:13:54.481" starttime="20170717 15:13:54.478" status="PASS"></status>
</kw>
<status endtime="20170717 15:13:54.481" starttime="20170717 15:13:54.472" status="PASS"></status>
</kw>
<kw library="BuiltIn" name="Run Keyword Unless">
<doc>Runs the given keyword with the given arguments, if ``condition`` is false.</doc>
<arguments>
<arg>${image exist}</arg>
<arg>HU.Press Hard Key</arg>
<arg>13</arg>
</arguments>
<kw library="HU" name="Press Hard Key">
<arguments>
<arg>13</arg>
</arguments>
<status endtime="20170717 15:13:55.489" starttime="20170717 15:13:54.484" status="PASS"></status>
</kw>
<status endtime="20170717 15:13:55.491" starttime="20170717 15:13:54.482" status="PASS"></status>
</kw>
<kw library="BuiltIn" name="Run Keyword Unless">
<doc>Runs the given keyword with the given arguments, if ``condition`` is false.</doc>
<arguments>
<arg>${image exist}</arg>
<arg>Log</arg>
<arg>if false end press hard key 2nd</arg>
</arguments>
<kw library="BuiltIn" name="Log">
<doc>Logs the given message with the given level.</doc>
<arguments>
<arg>if false end press hard key 2nd</arg>
</arguments>
<msg level="INFO" timestamp="20170717 15:13:55.494">if false end press hard key 2nd</msg>
<status endtime="20170717 15:13:55.495" starttime="20170717 15:13:55.493" status="PASS"></status>
</kw>
<status endtime="20170717 15:13:55.496" starttime="20170717 15:13:55.492" status="PASS"></status>
</kw>
<kw library="BuiltIn" name="Run Keyword Unless">
<doc>Runs the given keyword with the given arguments, if ``condition`` is false.</doc>
<arguments>
<arg>${image exist}</arg>
<arg>Sleep</arg>
<arg>1s</arg>
</arguments>
<kw library="BuiltIn" name="Sleep">
<doc>Pauses the test executed for the given time.</doc>
<arguments>
<arg>1s</arg>
</arguments>
<msg level="INFO" timestamp="20170717 15:13:56.500">Slept 1 second</msg>
<status endtime="20170717 15:13:56.501" starttime="20170717 15:13:55.498" status="PASS"></status>
</kw>
<status endtime="20170717 15:13:56.502" starttime="20170717 15:13:55.496" status="PASS"></status>
</kw>
<kw library="BuiltIn" name="Log">
<doc>Logs the given message with the given level.</doc>
<arguments>
<arg>end ${image path}</arg>
</arguments>
<msg level="INFO" timestamp="20170717 15:13:56.504">end C:\Users\tuanhq\projects\java\SikuliX-2014\HUAutomation/Images/Settings/DVDEJ.png</msg>
<status endtime="20170717 15:13:56.505" starttime="20170717 15:13:56.502" status="PASS"></status>
</kw>
<status endtime="20170717 15:13:56.505" starttime="20170717 15:13:45.934" status="PASS"></status>
</kw>
<kw name="Press Eject Icon">
<arguments>
<arg>C:\\Users\\tuanhq\\projects\\java\\SikuliX-2014\\HUAutomation/Images/Settings/DVDEJ2.png</arg>
</arguments>
<kw library="BuiltIn" name="Log">
<doc>Logs the given message with the given level.</doc>
<arguments>
<arg>start ${image path}</arg>
</arguments>
<msg level="INFO" timestamp="20170717 15:13:56.511">start C:\Users\tuanhq\projects\java\SikuliX-2014\HUAutomation/Images/Settings/DVDEJ2.png</msg>
<status endtime="20170717 15:13:56.511" starttime="20170717 15:13:56.509" status="PASS"></status>
</kw>
<kw library="HU" name="Exist Image">
<arguments>
<arg>${image path}</arg>
</arguments>
<assign>
<var>${image exist}</var>
</assign>
<msg level="INFO" timestamp="20170717 15:13:59.617">${image exist} = False</msg>
<status endtime="20170717 15:13:59.617" starttime="20170717 15:13:56.512" status="PASS"></status>
</kw>
<kw library="BuiltIn" name="Run Keyword If">
<doc>Runs the given keyword with the given arguments, if ``condition`` is true.</doc>
<arguments>
<arg>${image exist}</arg>
<arg>HU.Tap</arg>
<arg>${image path}</arg>
</arguments>
<status endtime="20170717 15:13:59.620" starttime="20170717 15:13:59.618" status="PASS"></status>
</kw>
<kw library="BuiltIn" name="Run Keyword If">
<doc>Runs the given keyword with the given arguments, if ``condition`` is true.</doc>
<arguments>
<arg>${image exist}</arg>
<arg>Sleep</arg>
<arg>1s</arg>
</arguments>
<status endtime="20170717 15:13:59.623" starttime="20170717 15:13:59.621" status="PASS"></status>
</kw>
<kw library="BuiltIn" name="Run Keyword If">
<doc>Runs the given keyword with the given arguments, if ``condition`` is true.</doc>
<arguments>
<arg>${image exist}</arg>
<arg>Log</arg>
<arg>if true start press hard key</arg>
</arguments>
<status endtime="20170717 15:13:59.626" starttime="20170717 15:13:59.624" status="PASS"></status>
</kw>
<kw library="BuiltIn" name="Run Keyword If">
<doc>Runs the given keyword with the given arguments, if ``condition`` is true.</doc>
<arguments>
<arg>${image exist}</arg>
<arg>HU.Press Hard Key</arg>
<arg>13</arg>
</arguments>
<status endtime="20170717 15:13:59.636" starttime="20170717 15:13:59.627" status="PASS"></status>
</kw>
<kw library="BuiltIn" name="Run Keyword If">
<doc>Runs the given keyword with the given arguments, if ``condition`` is true.</doc>
<arguments>
<arg>${image exist}</arg>
<arg>Log</arg>
<arg>if true end press hard key</arg>
</arguments>
<status endtime="20170717 15:13:59.641" starttime="20170717 15:13:59.639" status="PASS"></status>
</kw>
<kw library="BuiltIn" name="Run Keyword If">
<doc>Runs the given keyword with the given arguments, if ``condition`` is true.</doc>
<arguments>
<arg>${image exist}</arg>
<arg>Sleep</arg>
<arg>1s</arg>
</arguments>
<status endtime="20170717 15:13:59.644" starttime="20170717 15:13:59.642" status="PASS"></status>
</kw>
<kw library="BuiltIn" name="Run Keyword Unless">
<doc>Runs the given keyword with the given arguments, if ``condition`` is false.</doc>
<arguments>
<arg>${image exist}</arg>
<arg>Log</arg>
<arg>if false start press hard key</arg>
</arguments>
<kw library="BuiltIn" name="Log">
<doc>Logs the given message with the given level.</doc>
<arguments>
<arg>if false start press hard key</arg>
</arguments>
<msg level="INFO" timestamp="20170717 15:13:59.653">if false start press hard key</msg>
<status endtime="20170717 15:13:59.653" starttime="20170717 15:13:59.651" status="PASS"></status>
</kw>
<status endtime="20170717 15:13:59.654" starttime="20170717 15:13:59.649" status="PASS"></status>
</kw>
<kw library="BuiltIn" name="Run Keyword Unless">
<doc>Runs the given keyword with the given arguments, if ``condition`` is false.</doc>
<arguments>
<arg>${image exist}</arg>
<arg>HU.Press Hard Key</arg>
<arg>13</arg>
</arguments>
<kw library="HU" name="Press Hard Key">
<arguments>
<arg>13</arg>
</arguments>
<status endtime="20170717 15:14:00.664" starttime="20170717 15:13:59.658" status="PASS"></status>
</kw>
<status endtime="20170717 15:14:00.665" starttime="20170717 15:13:59.655" status="PASS"></status>
</kw>
<kw library="BuiltIn" name="Run Keyword Unless">
<doc>Runs the given keyword with the given arguments, if ``condition`` is false.</doc>
<arguments>
<arg>${image exist}</arg>
<arg>Log</arg>
<arg>if false end press hard key</arg>
</arguments>
<kw library="BuiltIn" name="Log">
<doc>Logs the given message with the given level.</doc>
<arguments>
<arg>if false end press hard key</arg>
</arguments>
<msg level="INFO" timestamp="20170717 15:14:00.669">if false end press hard key</msg>
<status endtime="20170717 15:14:00.670" starttime="20170717 15:14:00.668" status="PASS"></status>
</kw>
<status endtime="20170717 15:14:00.670" starttime="20170717 15:14:00.666" status="PASS"></status>
</kw>
<kw library="BuiltIn" name="Run Keyword Unless">
<doc>Runs the given keyword with the given arguments, if ``condition`` is false.</doc>
<arguments>
<arg>${image exist}</arg>
<arg>Sleep</arg>
<arg>1s</arg>
</arguments>
<kw library="BuiltIn" name="Sleep">
<doc>Pauses the test executed for the given time.</doc>
<arguments>
<arg>1s</arg>
</arguments>
<msg level="INFO" timestamp="20170717 15:14:01.675">Slept 1 second</msg>
<status endtime="20170717 15:14:01.676" starttime="20170717 15:14:00.673" status="PASS"></status>
</kw>
<status endtime="20170717 15:14:01.677" starttime="20170717 15:14:00.671" status="PASS"></status>
</kw>
<kw library="BuiltIn" name="Run Keyword Unless">
<doc>Runs the given keyword with the given arguments, if ``condition`` is false.</doc>
<arguments>
<arg>${image exist}</arg>
<arg>HU.Tap</arg>
<arg>${image path}</arg>
</arguments>
<kw library="HU" name="Tap">
<arguments>
<arg>${image path}</arg>
</arguments>
<msg level="FAIL" timestamp="20170717 15:14:04.776">FindFailed: C:/Users/tuanhq/projects/java/SikuliX-2014/HUAutomation/Images/Settings/DVDEJ2.png: (103x60) in ADBScreen: Android device: 0123456789ABCDEF (800 x 480)</msg>
<status endtime="20170717 15:14:04.778" starttime="20170717 15:14:01.679" status="FAIL"></status>
</kw>
<status endtime="20170717 15:14:04.778" starttime="20170717 15:14:01.677" status="FAIL"></status>
</kw>
<status endtime="20170717 15:14:04.779" starttime="20170717 15:13:56.506" status="FAIL"></status>
</kw>
<status critical="yes" endtime="20170717 15:14:04.781" starttime="20170717 15:13:45.930" status="FAIL">FindFailed: C:/Users/tuanhq/projects/java/SikuliX-2014/HUAutomation/Images/Settings/DVDEJ2.png: (103x60) in ADBScreen: Android device: 0123456789ABCDEF (800 x 480)</status>
</test>
<test name="Call Via Bluetooth" id="s1-t3">
<kw library="AndroidMB" name="Tap On Key">
<arguments>
<arg>HOME</arg>
</arguments>
<msg level="INFO" timestamp="20170717 15:14:05.791">Start
END</msg>
<status endtime="20170717 15:14:05.792" starttime="20170717 15:14:04.785" status="PASS"></status>
</kw>
<kw library="BuiltIn" name="Sleep">
<doc>Pauses the test executed for the given time.</doc>
<arguments>
<arg>1s</arg>
</arguments>
<msg level="INFO" timestamp="20170717 15:14:06.794">Slept 1 second</msg>
<status endtime="20170717 15:14:06.795" starttime="20170717 15:14:05.793" status="PASS"></status>
</kw>
<kw library="AndroidMB" name="A Swipe Down From Top">
<status endtime="20170717 15:14:07.801" starttime="20170717 15:14:06.796" status="PASS"></status>
</kw>
<kw library="AndroidMB" name="Exist Image Exact">
<arguments>
<arg>C:\\Users\\tuanhq\\projects\\java\\SikuliX-2014\\HUAutomation/Images/Phone/AndroidBlueToothDis.png</arg>
</arguments>
<assign>
<var>${image exist2}</var>
</assign>
<msg level="INFO" timestamp="20170717 15:14:12.673">${image exist2} = False</msg>
<status endtime="20170717 15:14:12.675" starttime="20170717 15:14:07.802" status="PASS"></status>
</kw>
<kw library="BuiltIn" name="Run Keyword If">
<doc>Runs the given keyword with the given arguments, if ``condition`` is true.</doc>
<arguments>
<arg>${image exist2}</arg>
<arg>AndroidMB.Tap</arg>
<arg>C:\\Users\\tuanhq\\projects\\java\\SikuliX-2014\\HUAutomation/Images/Phone/AndroidBlueToothDis.png</arg>
</arguments>
<status endtime="20170717 15:14:12.680" starttime="20170717 15:14:12.677" status="PASS"></status>
</kw>
<kw library="BuiltIn" name="Run Keyword If">
<doc>Runs the given keyword with the given arguments, if ``condition`` is true.</doc>
<arguments>
<arg>${image exist2}</arg>
<arg>Sleep</arg>
<arg>1s</arg>
</arguments>
<status endtime="20170717 15:14:12.683" starttime="20170717 15:14:12.681" status="PASS"></status>
</kw>
<kw library="BuiltIn" name="Run Keyword If">
<doc>Runs the given keyword with the given arguments, if ``condition`` is true.</doc>
<arguments>
<arg>${image exist2}</arg>
<arg>AndroidMB.Tap</arg>
<arg>C:\\Users\\tuanhq\\projects\\java\\SikuliX-2014\\HUAutomation/Images/Phone/AndroidCheckBox.png</arg>
</arguments>
<status endtime="20170717 15:14:12.687" starttime="20170717 15:14:12.685" status="PASS"></status>
</kw>
<kw library="BuiltIn" name="Sleep">
<doc>Pauses the test executed for the given time.</doc>
<arguments>
<arg>1s</arg>
</arguments>
<msg level="INFO" timestamp="20170717 15:14:13.691">Slept 1 second</msg>
<status endtime="20170717 15:14:13.692" starttime="20170717 15:14:12.689" status="PASS"></status>
</kw>
<kw library="AndroidMB" name="Tap On Key">
<arguments>
<arg>HOME</arg>
</arguments>
<msg level="INFO" timestamp="20170717 15:14:14.699">Start
END</msg>
<status endtime="20170717 15:14:14.700" starttime="20170717 15:14:13.693" status="PASS"></status>
</kw>
<kw library="HU" name="Exist Image">
<arguments>
<arg>C:\\Users\\tuanhq\\projects\\java\\SikuliX-2014\\HUAutomation/Images/Settings/AVAppIcon.png</arg>
</arguments>
<assign>
<var>${AV image}</var>
</assign>
<msg level="INFO" timestamp="20170717 15:14:17.767">${AV image} = False</msg>
<status endtime="20170717 15:14:17.768" starttime="20170717 15:14:14.701" status="PASS"></status>
</kw>
<kw library="BuiltIn" name="Run Keyword Unless">
<doc>Runs the given keyword with the given arguments, if ``condition`` is false.</doc>
<arguments>
<arg>${AV image}</arg>
<arg>Press Hardkey Home</arg>
</arguments>
<kw name="Press Hardkey Home">
<kw library="HU" name="Press Hard Key">
<arguments>
<arg>14</arg>
</arguments>
<status endtime="20170717 15:14:18.776" starttime="20170717 15:14:17.772" status="PASS"></status>
</kw>
<status endtime="20170717 15:14:18.777" starttime="20170717 15:14:17.770" status="PASS"></status>
</kw>
<status endtime="20170717 15:14:18.778" starttime="20170717 15:14:17.769" status="PASS"></status>
</kw>
<kw library="BuiltIn" name="Run Keyword Unless">
<doc>Runs the given keyword with the given arguments, if ``condition`` is false.</doc>
<arguments>
<arg>${AV image}</arg>
<arg>Sleep</arg>
<arg>1s</arg>
</arguments>
<kw library="BuiltIn" name="Sleep">
<doc>Pauses the test executed for the given time.</doc>
<arguments>
<arg>1s</arg>
</arguments>
<msg level="INFO" timestamp="20170717 15:14:19.782">Slept 1 second</msg>
<status endtime="20170717 15:14:19.783" starttime="20170717 15:14:18.781" status="PASS"></status>
</kw>
<status endtime="20170717 15:14:19.783" starttime="20170717 15:14:18.779" status="PASS"></status>
</kw>
<kw library="HU" name="Exist Image Exact">
<arguments>
<arg>C:\\Users\\tuanhq\\projects\\java\\SikuliX-2014\\HUAutomation/Images/Settings/CallEnaBlue.png</arg>
</arguments>
<assign>
<var>${image exist2}</var>
</assign>
<msg level="INFO" timestamp="20170717 15:14:21.219">${image exist2} = True</msg>
<status endtime="20170717 15:14:21.219" starttime="20170717 15:14:19.784" status="PASS"></status>
</kw>
<kw library="BuiltIn" name="Run Keyword If">
<doc>Runs the given keyword with the given arguments, if ``condition`` is true.</doc>
<arguments>
<arg>${image exist2}</arg>
<arg>HU.Tap</arg>
<arg>C:\\Users\\tuanhq\\projects\\java\\SikuliX-2014\\HUAutomation/Images/Settings/CallEnaBlue.png</arg>
</arguments>
<kw library="HU" name="Tap">
<arguments>
<arg>C:\\Users\\tuanhq\\projects\\java\\SikuliX-2014\\HUAutomation/Images/Settings/CallEnaBlue.png</arg>
</arguments>
<status endtime="20170717 15:14:23.778" starttime="20170717 15:14:21.232" status="PASS"></status>
</kw>
<status endtime="20170717 15:14:23.779" starttime="20170717 15:14:21.229" status="PASS"></status>
</kw>
<kw library="BuiltIn" name="Run Keyword If">
<doc>Runs the given keyword with the given arguments, if ``condition`` is true.</doc>
<arguments>
<arg>${image exist2}</arg>
<arg>HU.Tap Colllection</arg>
<arg>C:\\Users\\tuanhq\\projects\\java\\SikuliX-2014\\HUAutomation/Images/Phone/HUKeypad</arg>
</arguments>
<kw library="HU" name="Tap Colllection">
<arguments>
<arg>C:\\Users\\tuanhq\\projects\\java\\SikuliX-2014\\HUAutomation/Images/Phone/HUKeypad</arg>
</arguments>
<status endtime="20170717 15:14:27.255" starttime="20170717 15:14:23.782" status="PASS"></status>
</kw>
<status endtime="20170717 15:14:27.256" starttime="20170717 15:14:23.780" status="PASS"></status>
</kw>
<kw library="BuiltIn" name="Run Keyword Unless">
<doc>Runs the given keyword with the given arguments, if ``condition`` is false.</doc>
<arguments>
<arg>${image exist2}</arg>
<arg>Connect bluetooth</arg>
</arguments>
<status endtime="20170717 15:14:27.258" starttime="20170717 15:14:27.257" status="PASS"></status>
</kw>
<kw library="BuiltIn" name="Sleep">
<doc>Pauses the test executed for the given time.</doc>
<arguments>
<arg>1s</arg>
</arguments>
<msg level="INFO" timestamp="20170717 15:14:28.260">Slept 1 second</msg>
<status endtime="20170717 15:14:28.261" starttime="20170717 15:14:27.259" status="PASS"></status>
</kw>
<kw library="HU" name="Tap">
<arguments>
<arg>C:\\Users\\tuanhq\\projects\\java\\SikuliX-2014\\HUAutomation/Images/Phone/HUKeyPad0.png</arg>
</arguments>
<status endtime="20170717 15:14:30.595" starttime="20170717 15:14:28.262" status="PASS"></status>
</kw>
<kw library="BuiltIn" name="Sleep">
<doc>Pauses the test executed for the given time.</doc>
<arguments>
<arg>1s</arg>
</arguments>
<msg level="INFO" timestamp="20170717 15:14:31.598">Slept 1 second</msg>
<status endtime="20170717 15:14:31.599" starttime="20170717 15:14:30.596" status="PASS"></status>
</kw>
<kw library="HU" name="Tap">
<arguments>
<arg>C:\\Users\\tuanhq\\projects\\java\\SikuliX-2014\\HUAutomation/Images/Phone/HUKeyPad9.png</arg>
</arguments>
<status endtime="20170717 15:14:34.137" starttime="20170717 15:14:31.601" status="PASS"></status>
</kw>
<kw library="BuiltIn" name="Sleep">
<doc>Pauses the test executed for the given time.</doc>
<arguments>
<arg>1s</arg>
</arguments>
<msg level="INFO" timestamp="20170717 15:14:35.139">Slept 1 second</msg>
<status endtime="20170717 15:14:35.140" starttime="20170717 15:14:34.137" status="PASS"></status>
</kw>
<kw library="HU" name="Tap">
<arguments>
<arg>C:\\Users\\tuanhq\\projects\\java\\SikuliX-2014\\HUAutomation/Images/Phone/HUKeyPad8.png</arg>
</arguments>
<status endtime="20170717 15:14:37.475" starttime="20170717 15:14:35.141" status="PASS"></status>
</kw>
<kw library="BuiltIn" name="Sleep">
<doc>Pauses the test executed for the given time.</doc>
<arguments>
<arg>1s</arg>
</arguments>
<msg level="INFO" timestamp="20170717 15:14:38.477">Slept 1 second</msg>
<status endtime="20170717 15:14:38.478" starttime="20170717 15:14:37.476" status="PASS"></status>
</kw>
<kw library="HU" name="Tap">
<arguments>
<arg>C:\\Users\\tuanhq\\projects\\java\\SikuliX-2014\\HUAutomation/Images/Phone/HUKeyPad5.png</arg>
</arguments>
<status endtime="20170717 15:14:40.844" starttime="20170717 15:14:38.479" status="PASS"></status>
</kw>
<kw library="BuiltIn" name="Sleep">
<doc>Pauses the test executed for the given time.</doc>
<arguments>
<arg>1s</arg>
</arguments>
<msg level="INFO" timestamp="20170717 15:14:41.847">Slept 1 second</msg>
<status endtime="20170717 15:14:41.848" starttime="20170717 15:14:40.846" status="PASS"></status>
</kw>
<kw library="HU" name="Tap">
<arguments>
<arg>C:\\Users\\tuanhq\\projects\\java\\SikuliX-2014\\HUAutomation/Images/Phone/HUKeyPad6.png</arg>
</arguments>
<status endtime="20170717 15:14:44.348" starttime="20170717 15:14:41.849" status="PASS"></status>
</kw>
<kw library="BuiltIn" name="Sleep">
<doc>Pauses the test executed for the given time.</doc>
<arguments>
<arg>1s</arg>
</arguments>
<msg level="INFO" timestamp="20170717 15:14:45.351">Slept 1 second</msg>
<status endtime="20170717 15:14:45.352" starttime="20170717 15:14:44.349" status="PASS"></status>
</kw>
<kw library="HU" name="Tap">
<arguments>
<arg>C:\\Users\\tuanhq\\projects\\java\\SikuliX-2014\\HUAutomation/Images/Phone/HUKeyPad3</arg>
</arguments>
<status endtime="20170717 15:14:47.720" starttime="20170717 15:14:45.353" status="PASS"></status>
</kw>
<kw library="BuiltIn" name="Sleep">
<doc>Pauses the test executed for the given time.</doc>
<arguments>
<arg>1s</arg>
</arguments>
<msg level="INFO" timestamp="20170717 15:14:48.723">Slept 1 second</msg>
<status endtime="20170717 15:14:48.724" starttime="20170717 15:14:47.721" status="PASS"></status>
</kw>
<kw library="HU" name="Tap">
<arguments>
<arg>C:\\Users\\tuanhq\\projects\\java\\SikuliX-2014\\HUAutomation/Images/Phone/HUKeyPad3.png</arg>
</arguments>
<status endtime="20170717 15:14:51.078" starttime="20170717 15:14:48.725" status="PASS"></status>
</kw>
<kw library="BuiltIn" name="Sleep">
<doc>Pauses the test executed for the given time.</doc>
<arguments>
<arg>1s</arg>
</arguments>
<msg level="INFO" timestamp="20170717 15:14:52.081">Slept 1 second</msg>
<status endtime="20170717 15:14:52.082" starttime="20170717 15:14:51.079" status="PASS"></status>
</kw>
<kw library="HU" name="Tap">
<arguments>
<arg>C:\\Users\\tuanhq\\projects\\java\\SikuliX-2014\\HUAutomation/Images/Phone/HUKeyPad4.png</arg>
</arguments>
<status endtime="20170717 15:14:54.628" starttime="20170717 15:14:52.083" status="PASS"></status>
</kw>
<kw library="BuiltIn" name="Sleep">
<doc>Pauses the test executed for the given time.</doc>
<arguments>
<arg>1s</arg>
</arguments>
<msg level="INFO" timestamp="20170717 15:14:55.630">Slept 1 second</msg>
<status endtime="20170717 15:14:55.631" starttime="20170717 15:14:54.629" status="PASS"></status>
</kw>
<kw library="HU" name="Tap">
<arguments>
<arg>C:\\Users\\tuanhq\\projects\\java\\SikuliX-2014\\HUAutomation/Images/Phone/HUKeyPad6.png</arg>
</arguments>
<status endtime="20170717 15:14:58.006" starttime="20170717 15:14:55.632" status="PASS"></status>
</kw>
<kw library="BuiltIn" name="Sleep">
<doc>Pauses the test executed for the given time.</doc>
<arguments>
<arg>1s</arg>
</arguments>
<msg level="INFO" timestamp="20170717 15:14:59.009">Slept 1 second</msg>
<status endtime="20170717 15:14:59.010" starttime="20170717 15:14:58.007" status="PASS"></status>
</kw>
<kw library="HU" name="Tap">
<arguments>
<arg>C:\\Users\\tuanhq\\projects\\java\\SikuliX-2014\\HUAutomation/Images/Phone/HUKeyPad9.png</arg>
</arguments>
<status endtime="20170717 15:15:01.389" starttime="20170717 15:14:59.011" status="PASS"></status>
</kw>
<kw library="BuiltIn" name="Sleep">
<doc>Pauses the test executed for the given time.</doc>
<arguments>
<arg>1s</arg>
</arguments>
<msg level="INFO" timestamp="20170717 15:15:02.392">Slept 1 second</msg>
<status endtime="20170717 15:15:02.393" starttime="20170717 15:15:01.390" status="PASS"></status>
</kw>
<kw library="HU" name="Tap">
<arguments>
<arg>C:\\Users\\tuanhq\\projects\\java\\SikuliX-2014\\HUAutomation/Images/Phone/HUKeyPadCall.png</arg>
</arguments>
<status endtime="20170717 15:15:04.918" starttime="20170717 15:15:02.394" status="PASS"></status>
</kw>
<kw library="BuiltIn" name="Sleep">
<doc>Pauses the test executed for the given time.</doc>
<arguments>
<arg>8s</arg>
</arguments>
<msg level="INFO" timestamp="20170717 15:15:12.921">Slept 8 seconds</msg>
<status endtime="20170717 15:15:12.922" starttime="20170717 15:15:04.919" status="PASS"></status>
</kw>
<kw library="HU" name="Tap">
<arguments>
<arg>C:\\Users\\tuanhq\\projects\\java\\SikuliX-2014\\HUAutomation/Images/Phone/EndCall.png</arg>
</arguments>
<status endtime="20170717 15:15:15.355" starttime="20170717 15:15:12.924" status="PASS"></status>
</kw>
<status critical="yes" endtime="20170717 15:15:15.356" starttime="20170717 15:14:04.783" status="PASS"></status>
</test>
<test name="Android Auto Listen To Music" id="s1-t4">
<kw library="Dialogs" name="Execute Manual Step">
<doc>Pauses test execution until user sets the keyword status.</doc>
<arguments>
<arg>Please conect Mobile to HU And Confirm that Connection is OK</arg>
</arguments>
<status endtime="20170717 15:16:17.162" starttime="20170717 15:15:15.360" status="PASS"></status>
</kw>
<kw library="HU" name="Exist Image">
<arguments>
<arg>C:\\Users\\tuanhq\\projects\\java\\SikuliX-2014\\HUAutomation/Images/Settings/AVAppIcon.png</arg>
</arguments>
<assign>
<var>${AV image}</var>
</assign>
<msg level="INFO" timestamp="20170717 15:16:20.218">${AV image} = False</msg>
<status endtime="20170717 15:16:20.219" starttime="20170717 15:16:17.163" status="PASS"></status>
</kw>
<kw library="BuiltIn" name="Run Keyword Unless">
<doc>Runs the given keyword with the given arguments, if ``condition`` is false.</doc>
<arguments>
<arg>${AV image}</arg>
<arg>Press Hardkey Home</arg>
</arguments>
<kw name="Press Hardkey Home">
<kw library="HU" name="Press Hard Key">
<arguments>
<arg>14</arg>
</arguments>
<status endtime="20170717 15:16:21.231" starttime="20170717 15:16:20.226" status="PASS"></status>
</kw>
<status endtime="20170717 15:16:21.232" starttime="20170717 15:16:20.223" status="PASS"></status>
</kw>
<status endtime="20170717 15:16:21.233" starttime="20170717 15:16:20.220" status="PASS"></status>
</kw>
<kw library="BuiltIn" name="Run Keyword Unless">
<doc>Runs the given keyword with the given arguments, if ``condition`` is false.</doc>
<arguments>
<arg>${AV image}</arg>
<arg>Sleep</arg>
<arg>1s</arg>
</arguments>
<kw library="BuiltIn" name="Sleep">
<doc>Pauses the test executed for the given time.</doc>
<arguments>
<arg>1s</arg>
</arguments>
<msg level="INFO" timestamp="20170717 15:16:22.237">Slept 1 second</msg>
<status endtime="20170717 15:16:22.238" starttime="20170717 15:16:21.235" status="PASS"></status>
</kw>
<status endtime="20170717 15:16:22.238" starttime="20170717 15:16:21.233" status="PASS"></status>
</kw>
<kw library="HU" name="Tap">
<arguments>
<arg>C:\\Users\\tuanhq\\projects\\java\\SikuliX-2014\\HUAutomation/Images/Settings/AndroidAutoIC.png</arg>
</arguments>
<status endtime="20170717 15:16:24.648" starttime="20170717 15:16:22.239" status="PASS"></status>
</kw>
<kw library="BuiltIn" name="Sleep">
<doc>Pauses the test executed for the given time.</doc>
<arguments>
<arg>1s</arg>
</arguments>
<msg level="INFO" timestamp="20170717 15:16:25.651">Slept 1 second</msg>
<status endtime="20170717 15:16:25.652" starttime="20170717 15:16:24.649" status="PASS"></status>
</kw>
<kw library="HU" name="A Tap Event">
<arguments>
<arg>C:\\Users\\tuanhq\\projects\\java\\SikuliX-2014\\HUAutomation/Images/Phone/AndroidAutoHomeIcon/AndroidAutoHomeIcon.png</arg>
</arguments>
<status endtime="20170717 15:16:27.999" starttime="20170717 15:16:25.652" status="PASS"></status>
</kw>
<kw library="BuiltIn" name="Sleep">
<doc>Pauses the test executed for the given time.</doc>
<arguments>
<arg>1s</arg>
</arguments>
<msg level="INFO" timestamp="20170717 15:16:29.002">Slept 1 second</msg>
<status endtime="20170717 15:16:29.003" starttime="20170717 15:16:28.000" status="PASS"></status>
</kw>
<kw library="HU" name="A Tap Event">
<arguments>
<arg>C:\\Users\\tuanhq\\projects\\java\\SikuliX-2014\\HUAutomation/Images/Phone/ListenMusicIcon/ListenMusicIcon.png</arg>
</arguments>
<status endtime="20170717 15:16:31.312" starttime="20170717 15:16:29.004" status="PASS"></status>
</kw>
<kw library="BuiltIn" name="Sleep">
<doc>Pauses the test executed for the given time.</doc>
<arguments>
<arg>1s</arg>
</arguments>
<msg level="INFO" timestamp="20170717 15:16:32.314">Slept 1 second</msg>
<status endtime="20170717 15:16:32.317" starttime="20170717 15:16:31.313" status="PASS"></status>
</kw>
<kw library="HU" name="Tap Word Event">
<arguments>
<arg>Google</arg>
</arguments>
<msg level="INFO" timestamp="20170717 15:16:34.451">=
-
Google</msg>
<status endtime="20170717 15:16:34.452" starttime="20170717 15:16:32.318" status="PASS"></status>
</kw>
<kw library="BuiltIn" name="Sleep">
<doc>Pauses the test executed for the given time.</doc>
<arguments>
<arg>1s</arg>
</arguments>
<msg level="INFO" timestamp="20170717 15:16:35.454">Slept 1 second</msg>
<status endtime="20170717 15:16:35.455" starttime="20170717 15:16:34.453" status="PASS"></status>
</kw>
<kw library="HU" name="Tap Text Event">
<arguments>
<arg>Recent activity</arg>
</arguments>
<msg level="INFO" timestamp="20170717 15:16:37.366">&amp; - Google Play Music

Instant mixes &gt;

Recent activity &gt;</msg>
<status endtime="20170717 15:16:37.367" starttime="20170717 15:16:35.455" status="PASS"></status>
</kw>
<kw library="BuiltIn" name="Sleep">
<doc>Pauses the test executed for the given time.</doc>
<arguments>
<arg>1s</arg>
</arguments>
<msg level="INFO" timestamp="20170717 15:16:38.369">Slept 1 second</msg>
<status endtime="20170717 15:16:38.370" starttime="20170717 15:16:37.368" status="PASS"></status>
</kw>
<kw library="HU" name="Tap Text Event">
<arguments>
<arg>${SongName}</arg>
</arguments>
<msg level="INFO" timestamp="20170717 15:16:40.700">&amp; - Recent activity &amp;

Shuffle all

a Shuffle on device music

l Ngo Thuy Mien</msg>
<status endtime="20170717 15:16:40.701" starttime="20170717 15:16:38.370" status="PASS"></status>
</kw>
<kw library="BuiltIn" name="Sleep">
<doc>Pauses the test executed for the given time.</doc>
<arguments>
<arg>2s</arg>
</arguments>
<msg level="INFO" timestamp="20170717 15:16:42.703">Slept 2 seconds</msg>
<status endtime="20170717 15:16:42.704" starttime="20170717 15:16:40.702" status="PASS"></status>
</kw>
<kw library="HU" name="Exist Image Exact">
<arguments>
<arg>C:\\Users\\tuanhq\\projects\\java\\SikuliX-2014\\HUAutomation/Images/Phone/PlayBTN.png</arg>
</arguments>
<assign>
<var>${image exists}</var>
</assign>
<msg level="INFO" timestamp="20170717 15:16:46.347">${image exists} = False</msg>
<status endtime="20170717 15:16:46.347" starttime="20170717 15:16:42.704" status="PASS"></status>
</kw>
<kw library="BuiltIn" name="Log">
<doc>Logs the given message with the given level.</doc>
<arguments>
<arg>${image exists}</arg>
</arguments>
<msg level="INFO" timestamp="20170717 15:16:46.350">False</msg>
<status endtime="20170717 15:16:46.352" starttime="20170717 15:16:46.348" status="PASS"></status>
</kw>
<kw library="BuiltIn" name="Run Keyword If">
<doc>Runs the given keyword with the given arguments, if ``condition`` is true.</doc>
<arguments>
<arg>${image exists}</arg>
<arg>HU.A Tap Event</arg>
<arg>C:\\Users\\tuanhq\\projects\\java\\SikuliX-2014\\HUAutomation/Images/Phone/PlayBTN.png</arg>
</arguments>
<status endtime="20170717 15:16:46.355" starttime="20170717 15:16:46.353" status="PASS"></status>
</kw>
<kw library="BuiltIn" name="Sleep">
<doc>Pauses the test executed for the given time.</doc>
<arguments>
<arg>1s</arg>
</arguments>
<msg level="INFO" timestamp="20170717 15:16:47.357">Slept 1 second</msg>
<status endtime="20170717 15:16:47.358" starttime="20170717 15:16:46.356" status="PASS"></status>
</kw>
<kw library="HU" name="Exist Image Exact">
<arguments>
<arg>C:\\Users\\tuanhq\\projects\\java\\SikuliX-2014\\HUAutomation/Images/Phone/PauseBTN.png</arg>
</arguments>
<assign>
<var>${image exists}</var>
</assign>
<msg level="INFO" timestamp="20170717 15:16:48.791">${image exists} = True</msg>
<status endtime="20170717 15:16:48.791" starttime="20170717 15:16:47.359" status="PASS"></status>
</kw>
<kw library="BuiltIn" name="Run Keyword If">
<doc>Runs the given keyword with the given arguments, if ``condition`` is true.</doc>
<arguments>
<arg>${image exists}</arg>
<arg>Sucess And Capture</arg>
<arg>Playing song ${SongName}</arg>
</arguments>
<kw name="Sucess And Capture">
<arguments>
<arg>Playing song ${SongName}</arg>
</arguments>
<kw library="OperatingSystem" name="Create Directory">
<doc>Creates the specified directory.</doc>
<arguments>
<arg>C:\\Users\\tuanhq\\projects\\java\\SikuliX-2014\\HUAutomation/OutputResources</arg>
</arguments>
<msg level="INFO" html="yes" timestamp="20170717 15:16:48.800">Directory '&lt;a href="file://C:\Users\tuanhq\projects\java\SikuliX-2014\HUAutomation\OutputResources"&gt;C:\Users\tuanhq\projects\java\SikuliX-2014\HUAutomation\OutputResources&lt;/a&gt;' already exists.</msg>
<status endtime="20170717 15:16:48.801" starttime="20170717 15:16:48.797" status="PASS"></status>
</kw>
<kw library="HU" name="Capture Screen And Return File Name">
<arguments>
<arg>C:\\Users\\tuanhq\\projects\\java\\SikuliX-2014\\HUAutomation/OutputResources</arg>
<arg>${TEST NAME}</arg>
</arguments>
<assign>
<var>${image name}</var>
</assign>
<msg level="INFO" timestamp="20170717 15:16:49.432">${image name} = Android Auto Listen To Music-1500279409350.png</msg>
<status endtime="20170717 15:16:49.433" starttime="20170717 15:16:48.801" status="PASS"></status>
</kw>
<kw library="BuiltIn" name="Log">
<doc>Logs the given message with the given level.</doc>
<arguments>
<arg>${message} &lt;img src="OutputResources/${image name}" alt="${message}"/&gt;</arg>
<arg>HTML</arg>
</arguments>
<msg level="INFO" html="yes" timestamp="20170717 15:16:49.437">Playing song Ngo Thuy Mien &lt;img src="OutputResources/Android Auto Listen To Music-1500279409350.png" alt="Playing song Ngo Thuy Mien"/&gt;</msg>
<status endtime="20170717 15:16:49.438" starttime="20170717 15:16:49.434" status="PASS"></status>
</kw>
<status endtime="20170717 15:16:49.439" starttime="20170717 15:16:48.795" status="PASS"></status>
</kw>
<status endtime="20170717 15:16:49.440" starttime="20170717 15:16:48.792" status="PASS"></status>
</kw>
<kw library="BuiltIn" name="Run Keyword Unless">
<doc>Runs the given keyword with the given arguments, if ``condition`` is false.</doc>
<arguments>
<arg>${image exists}</arg>
<arg>Fail And Capture</arg>
<arg>Not playing song ${SongName}</arg>
</arguments>
<status endtime="20170717 15:16:49.444" starttime="20170717 15:16:49.441" status="PASS"></status>
</kw>
<kw library="BuiltIn" name="Sleep">
<doc>Pauses the test executed for the given time.</doc>
<arguments>
<arg>10s</arg>
</arguments>
<msg level="INFO" timestamp="20170717 15:16:59.447">Slept 10 seconds</msg>
<status endtime="20170717 15:16:59.448" starttime="20170717 15:16:49.445" status="PASS"></status>
</kw>
<kw library="HU" name="A Tap Event">
<arguments>
<arg>C:\\Users\\tuanhq\\projects\\java\\SikuliX-2014\\HUAutomation/Images/Phone/NextBTN.png</arg>
</arguments>
<status endtime="20170717 15:17:01.867" starttime="20170717 15:16:59.448" status="PASS"></status>
</kw>
<kw library="BuiltIn" name="Sleep">
<doc>Pauses the test executed for the given time.</doc>
<arguments>
<arg>10s</arg>
</arguments>
<msg level="INFO" timestamp="20170717 15:17:11.870">Slept 10 seconds</msg>
<status endtime="20170717 15:17:11.871" starttime="20170717 15:17:01.869" status="PASS"></status>
</kw>
<kw library="HU" name="A Tap Event">
<arguments>
<arg>C:\\Users\\tuanhq\\projects\\java\\SikuliX-2014\\HUAutomation/Images/Phone/NextBTN.png</arg>
</arguments>
<status endtime="20170717 15:17:14.277" starttime="20170717 15:17:11.871" status="PASS"></status>
</kw>
<kw library="BuiltIn" name="Sleep">
<doc>Pauses the test executed for the given time.</doc>
<arguments>
<arg>10s</arg>
</arguments>
<msg level="INFO" timestamp="20170717 15:17:24.290">Slept 10 seconds</msg>
<status endtime="20170717 15:17:24.291" starttime="20170717 15:17:14.289" status="PASS"></status>
</kw>
<kw library="HU" name="A Tap Event">
<arguments>
<arg>C:\\Users\\tuanhq\\projects\\java\\SikuliX-2014\\HUAutomation/Images/Phone/PrevButton.png</arg>
</arguments>
<status endtime="20170717 15:17:26.753" starttime="20170717 15:17:24.292" status="PASS"></status>
</kw>
<kw library="BuiltIn" name="Sleep">
<doc>Pauses the test executed for the given time.</doc>
<arguments>
<arg>10s</arg>
</arguments>
<msg level="INFO" timestamp="20170717 15:17:36.755">Slept 10 seconds</msg>
<status endtime="20170717 15:17:36.756" starttime="20170717 15:17:26.754" status="PASS"></status>
</kw>
<kw library="HU" name="A Tap Event">
<arguments>
<arg>C:\\Users\\tuanhq\\projects\\java\\SikuliX-2014\\HUAutomation/Images/Phone/PrevButton.png</arg>
</arguments>
<status endtime="20170717 15:17:39.249" starttime="20170717 15:17:36.757" status="PASS"></status>
</kw>
<status critical="yes" endtime="20170717 15:17:39.252" starttime="20170717 15:15:15.358" status="PASS"></status>
</test>
<test name="Android Auto Navi" id="s1-t5">
<kw library="HU" name="Exist Image">
<arguments>
<arg>C:\\Users\\tuanhq\\projects\\java\\SikuliX-2014\\HUAutomation/Images/Settings/AVAppIcon.png</arg>
</arguments>
<assign>
<var>${AV image}</var>
</assign>
<msg level="INFO" timestamp="20170717 15:17:42.704">${AV image} = False</msg>
<status endtime="20170717 15:17:42.704" starttime="20170717 15:17:39.256" status="PASS"></status>
</kw>
<kw library="BuiltIn" name="Run Keyword Unless">
<doc>Runs the given keyword with the given arguments, if ``condition`` is false.</doc>
<arguments>
<arg>${AV image}</arg>
<arg>Press Hardkey Home</arg>
</arguments>
<kw name="Press Hardkey Home">
<kw library="HU" name="Press Hard Key">
<arguments>
<arg>14</arg>
</arguments>
<status endtime="20170717 15:17:43.713" starttime="20170717 15:17:42.708" status="PASS"></status>
</kw>
<status endtime="20170717 15:17:43.714" starttime="20170717 15:17:42.707" status="PASS"></status>
</kw>
<status endtime="20170717 15:17:43.714" starttime="20170717 15:17:42.705" status="PASS"></status>
</kw>
<kw library="BuiltIn" name="Run Keyword Unless">
<doc>Runs the given keyword with the given arguments, if ``condition`` is false.</doc>
<arguments>
<arg>${AV image}</arg>
<arg>Sleep</arg>
<arg>1s</arg>
</arguments>
<kw library="BuiltIn" name="Sleep">
<doc>Pauses the test executed for the given time.</doc>
<arguments>
<arg>1s</arg>
</arguments>
<msg level="INFO" timestamp="20170717 15:17:44.718">Slept 1 second</msg>
<status endtime="20170717 15:17:44.719" starttime="20170717 15:17:43.716" status="PASS"></status>
</kw>
<status endtime="20170717 15:17:44.719" starttime="20170717 15:17:43.715" status="PASS"></status>
</kw>
<kw library="HU" name="Tap">
<arguments>
<arg>C:\\Users\\tuanhq\\projects\\java\\SikuliX-2014\\HUAutomation/Images/Settings/AndroidAutoIC.png</arg>
</arguments>
<status endtime="20170717 15:17:47.166" starttime="20170717 15:17:44.720" status="PASS"></status>
</kw>
<kw library="BuiltIn" name="Sleep">
<doc>Pauses the test executed for the given time.</doc>
<arguments>
<arg>1s</arg>
</arguments>
<msg level="INFO" timestamp="20170717 15:17:48.168">Slept 1 second</msg>
<status endtime="20170717 15:17:48.169" starttime="20170717 15:17:47.167" status="PASS"></status>
</kw>
<kw library="HU" name="A Tap Event">
<arguments>
<arg>C:\\Users\\tuanhq\\projects\\java\\SikuliX-2014\\HUAutomation/Images/Phone/AndroidAutoHomeIcon/AndroidAutoHomeIcon.png</arg>
</arguments>
<status endtime="20170717 15:17:50.590" starttime="20170717 15:17:48.169" status="PASS"></status>
</kw>
<kw library="BuiltIn" name="Sleep">
<doc>Pauses the test executed for the given time.</doc>
<arguments>
<arg>1s</arg>
</arguments>
<msg level="INFO" timestamp="20170717 15:17:51.592">Slept 1 second</msg>
<status endtime="20170717 15:17:51.593" starttime="20170717 15:17:50.591" status="PASS"></status>
</kw>
<kw library="HU" name="A Tap Event">
<arguments>
<arg>C:\\Users\\tuanhq\\projects\\java\\SikuliX-2014\\HUAutomation/Images/Phone/NaviIcon.png</arg>
</arguments>
<status endtime="20170717 15:17:53.943" starttime="20170717 15:17:51.594" status="PASS"></status>
</kw>
<kw library="BuiltIn" name="Sleep">
<doc>Pauses the test executed for the given time.</doc>
<arguments>
<arg>1s</arg>
</arguments>
<msg level="INFO" timestamp="20170717 15:17:54.946">Slept 1 second</msg>
<status endtime="20170717 15:17:54.947" starttime="20170717 15:17:53.944" status="PASS"></status>
</kw>
<kw library="HU" name="A Tap Event">
<arguments>
<arg>C:\\Users\\tuanhq\\projects\\java\\SikuliX-2014\\HUAutomation/Images/Phone/GGMapSearch.png</arg>
</arguments>
<status endtime="20170717 15:17:59.041" starttime="20170717 15:17:54.948" status="PASS"></status>
</kw>
<kw library="HU" name="Type Text Search">
<arguments>
<arg>${dest address}</arg>
<arg>C:\\Users\\tuanhq\\projects\\java\\SikuliX-2014\\HUAutomation/Images/HU/keyboard</arg>
</arguments>
<status endtime="20170717 15:18:35.703" starttime="20170717 15:17:59.043" status="PASS"></status>
</kw>
<kw library="HU" name="A Tap Event">
<arguments>
<arg>C:\\Users\\tuanhq\\projects\\java\\SikuliX-2014\\HUAutomation/Images/HU/keyboard/KeySearch.png</arg>
</arguments>
<status endtime="20170717 15:18:38.103" starttime="20170717 15:18:35.705" status="PASS"></status>
</kw>
<kw library="HU" name="A Tap Event Exact">
<arguments>
<arg>C:\\Users\\tuanhq\\projects\\java\\SikuliX-2014\\HUAutomation/Images/Phone/direct.png</arg>
</arguments>
<msg level="FAIL" timestamp="20170717 15:18:41.670">FindFailed: C:/Users/tuanhq/projects/java/SikuliX-2014/HUAutomation/Images/Phone/direct.png: (72x61) in ADBScreen: Android device: 0123456789ABCDEF (800 x 480)</msg>
<status endtime="20170717 15:18:41.672" starttime="20170717 15:18:38.104" status="FAIL"></status>
</kw>
<status critical="yes" endtime="20170717 15:18:41.674" starttime="20170717 15:17:39.254" status="FAIL">FindFailed: C:/Users/tuanhq/projects/java/SikuliX-2014/HUAutomation/Images/Phone/direct.png: (72x61) in ADBScreen: Android device: 0123456789ABCDEF (800 x 480)</status>
</test>
<test name="Android Auto Call" id="s1-t6">
<kw library="HU" name="Exist Image">
<arguments>
<arg>C:\\Users\\tuanhq\\projects\\java\\SikuliX-2014\\HUAutomation/Images/Settings/AVAppIcon.png</arg>
</arguments>
<assign>
<var>${AV image}</var>
</assign>
<msg level="INFO" timestamp="20170717 15:18:45.018">${AV image} = False</msg>
<status endtime="20170717 15:18:45.019" starttime="20170717 15:18:41.678" status="PASS"></status>
</kw>
<kw library="BuiltIn" name="Run Keyword Unless">
<doc>Runs the given keyword with the given arguments, if ``condition`` is false.</doc>
<arguments>
<arg>${AV image}</arg>
<arg>Press Hardkey Home</arg>
</arguments>
<kw name="Press Hardkey Home">
<kw library="HU" name="Press Hard Key">
<arguments>
<arg>14</arg>
</arguments>
<status endtime="20170717 15:18:46.027" starttime="20170717 15:18:45.023" status="PASS"></status>
</kw>
<status endtime="20170717 15:18:46.029" starttime="20170717 15:18:45.021" status="PASS"></status>
</kw>
<status endtime="20170717 15:18:46.029" starttime="20170717 15:18:45.019" status="PASS"></status>
</kw>
<kw library="BuiltIn" name="Run Keyword Unless">
<doc>Runs the given keyword with the given arguments, if ``condition`` is false.</doc>
<arguments>
<arg>${AV image}</arg>
<arg>Sleep</arg>
<arg>1s</arg>
</arguments>
<kw library="BuiltIn" name="Sleep">
<doc>Pauses the test executed for the given time.</doc>
<arguments>
<arg>1s</arg>
</arguments>
<msg level="INFO" timestamp="20170717 15:18:47.033">Slept 1 second</msg>
<status endtime="20170717 15:18:47.034" starttime="20170717 15:18:46.032" status="PASS"></status>
</kw>
<status endtime="20170717 15:18:47.034" starttime="20170717 15:18:46.030" status="PASS"></status>
</kw>
<kw library="HU" name="Tap">
<arguments>
<arg>C:\\Users\\tuanhq\\projects\\java\\SikuliX-2014\\HUAutomation/Images/Settings/AndroidAutoIC.png</arg>
</arguments>
<status endtime="20170717 15:18:49.504" starttime="20170717 15:18:47.035" status="PASS"></status>
</kw>
<kw library="BuiltIn" name="Sleep">
<doc>Pauses the test executed for the given time.</doc>
<arguments>
<arg>1s</arg>
</arguments>
<msg level="INFO" timestamp="20170717 15:18:50.507">Slept 1 second</msg>
<status endtime="20170717 15:18:50.508" starttime="20170717 15:18:49.505" status="PASS"></status>
</kw>
<kw library="HU" name="A Tap Event">
<arguments>
<arg>C:\\Users\\tuanhq\\projects\\java\\SikuliX-2014\\HUAutomation/Images/Phone/AndroidAutoHomeIcon/AndroidAutoHomeIcon.png</arg>
</arguments>
<status endtime="20170717 15:18:53.057" starttime="20170717 15:18:50.509" status="PASS"></status>
</kw>
<kw library="BuiltIn" name="Sleep">
<doc>Pauses the test executed for the given time.</doc>
<arguments>
<arg>1s</arg>
</arguments>
<msg level="INFO" timestamp="20170717 15:18:54.059">Slept 1 second</msg>
<status endtime="20170717 15:18:54.060" starttime="20170717 15:18:53.058" status="PASS"></status>
</kw>
<kw library="HU" name="A Tap Event">
<arguments>
<arg>C:\\Users\\tuanhq\\projects\\java\\SikuliX-2014\\HUAutomation/Images/Phone/AndroidAutoCallIcon.png</arg>
</arguments>
<status endtime="20170717 15:18:56.620" starttime="20170717 15:18:54.062" status="PASS"></status>
</kw>
<kw library="BuiltIn" name="Sleep">
<doc>Pauses the test executed for the given time.</doc>
<arguments>
<arg>1s</arg>
</arguments>
<msg level="INFO" timestamp="20170717 15:18:57.623">Slept 1 second</msg>
<status endtime="20170717 15:18:57.624" starttime="20170717 15:18:56.621" status="PASS"></status>
</kw>
<kw library="HU" name="Tap Word Event">
<arguments>
<arg>Phone</arg>
</arguments>
<msg level="INFO" timestamp="20170717 15:18:59.470">=
Phone</msg>
<status endtime="20170717 15:18:59.472" starttime="20170717 15:18:57.624" status="PASS"></status>
</kw>
<kw library="BuiltIn" name="Sleep">
<doc>Pauses the test executed for the given time.</doc>
<arguments>
<arg>1s</arg>
</arguments>
<msg level="INFO" timestamp="20170717 15:19:00.473">Slept 1 second</msg>
<status endtime="20170717 15:19:00.474" starttime="20170717 15:18:59.472" status="PASS"></status>
</kw>
<kw library="HU" name="Tap Word Event">
<arguments>
<arg>number</arg>
</arguments>
<msg level="INFO" timestamp="20170717 15:19:02.459">&amp;
-
Phone
B
1518
§§E
Dial
a
number</msg>
<status endtime="20170717 15:19:02.461" starttime="20170717 15:19:00.474" status="PASS"></status>
</kw>
<kw library="BuiltIn" name="Sleep">
<doc>Pauses the test executed for the given time.</doc>
<arguments>
<arg>1s</arg>
</arguments>
<msg level="INFO" timestamp="20170717 15:19:03.464">Slept 1 second</msg>
<status endtime="20170717 15:19:03.465" starttime="20170717 15:19:02.462" status="PASS"></status>
</kw>
<kw library="HU" name="Long Press Target">
<arguments>
<arg>C:\\Users\\tuanhq\\projects\\java\\SikuliX-2014\\HUAutomation/Images/Phone/AndroidAutoKeyPad/KeyDel.png</arg>
<arg>2000</arg>
</arguments>
<status endtime="20170717 15:19:07.801" starttime="20170717 15:19:03.465" status="PASS"></status>
</kw>
<kw library="BuiltIn" name="Sleep">
<doc>Pauses the test executed for the given time.</doc>
<arguments>
<arg>1s</arg>
</arguments>
<msg level="INFO" timestamp="20170717 15:19:08.803">Slept 1 second</msg>
<status endtime="20170717 15:19:08.804" starttime="20170717 15:19:07.802" status="PASS"></status>
</kw>
<kw library="HU" name="Type Number Call">
<arguments>
<arg>${number call}</arg>
<arg>C:\\Users\\tuanhq\\projects\\java\\SikuliX-2014\\HUAutomation/Images/Phone/AndroidAutoKeyPad</arg>
</arguments>
<status endtime="20170717 15:19:33.077" starttime="20170717 15:19:08.804" status="PASS"></status>
</kw>
<kw library="BuiltIn" name="Sleep">
<doc>Pauses the test executed for the given time.</doc>
<arguments>
<arg>1s</arg>
</arguments>
<msg level="INFO" timestamp="20170717 15:19:34.080">Slept 1 second</msg>
<status endtime="20170717 15:19:34.081" starttime="20170717 15:19:33.078" status="PASS"></status>
</kw>
<kw library="HU" name="A Tap Event">
<arguments>
<arg>C:\\Users\\tuanhq\\projects\\java\\SikuliX-2014\\HUAutomation/Images/Phone/AndroidAutoKeyPad/KeyCall.png</arg>
</arguments>
<status endtime="20170717 15:19:36.433" starttime="20170717 15:19:34.082" status="PASS"></status>
</kw>
<kw library="BuiltIn" name="Sleep">
<doc>Pauses the test executed for the given time.</doc>
<arguments>
<arg>5s</arg>
</arguments>
<msg level="INFO" timestamp="20170717 15:19:41.436">Slept 5 seconds</msg>
<status endtime="20170717 15:19:41.437" starttime="20170717 15:19:36.434" status="PASS"></status>
</kw>
<kw library="HU" name="A Tap Event">
<arguments>
<arg>C:\\Users\\tuanhq\\projects\\java\\SikuliX-2014\\HUAutomation/Images/Phone/AndroidAutoKeyPad/KeyEndCall.png</arg>
</arguments>
<msg level="FAIL" timestamp="20170717 15:19:44.740">FindFailed: C:/Users/tuanhq/projects/java/SikuliX-2014/HUAutomation/Images/Phone/AndroidAutoKeyPad/KeyEndCall.png: (122x103) in ADBScreen: Android device: 0123456789ABCDEF (800 x 480)</msg>
<status endtime="20170717 15:19:44.741" starttime="20170717 15:19:41.437" status="FAIL"></status>
</kw>
<status critical="yes" endtime="20170717 15:19:44.742" starttime="20170717 15:18:41.675" status="FAIL">FindFailed: C:/Users/tuanhq/projects/java/SikuliX-2014/HUAutomation/Images/Phone/AndroidAutoKeyPad/KeyEndCall.png: (122x103) in ADBScreen: Android device: 0123456789ABCDEF (800 x 480)</status>
</test>
<status endtime="20170717 15:19:44.751" starttime="20170717 15:11:57.038" status="FAIL"></status>
</suite>
<statistics>
<total>
<stat pass="2" fail="4">Critical Tests</stat>
<stat pass="2" fail="4">All Tests</stat>
</total>
<tag>
</tag>
<suite>
<stat pass="2" fail="4" name="HUAutomation" id="s1">HUAutomation</stat>
</suite>
</statistics>
<errors>
</errors>
</robot>
