<?xml version="1.0" encoding="UTF-8"?>
<robot generator="Robot 3.0.2 (Jython 2.7.0 on java1.8.0_111)" generated="20170807 15:30:30.970">
<suite source="C:\Users\tuanhq\projects\java\SikuliX-2014\HUAutomation" name="HUAutomation" id="s1">
<suite source="C:\Users\tuanhq\projects\java\SikuliX-2014\HUAutomation\Test.robot" name="Test" id="s1-s1">
<test name="TC" id="s1-s1-t1">
<kw library="Weston" name="Capture Screen">
<arguments>
<arg>C:\\tmp\\trang</arg>
<arg>Android</arg>
</arguments>
<msg level="INFO" timestamp="20170807 15:30:38.787">export XDG_RUNTIME_DIR=/run/user/root &amp;&amp; /usr/libexec/weston-screenshooter /tmp/HUScreen.png</msg>
<status endtime="20170807 15:30:38.797" starttime="20170807 15:30:35.842" status="PASS"></status>
</kw>
<kw library="Weston" name="Tap">
<arguments>
<arg>C:\\tmp\\trang\\setup.jpg</arg>
</arguments>
<msg level="INFO" timestamp="20170807 15:30:44.151">weston
export XDG_RUNTIME_DIR=/run/user/root &amp;&amp; /usr/libexec/weston-screenshooter /tmp/HUScreen.png</msg>
<status endtime="20170807 15:30:44.151" starttime="20170807 15:30:38.807" status="PASS"></status>
</kw>
<kw library="BuiltIn" name="Sleep">
<doc>Pauses the test executed for the given time.</doc>
<arguments>
<arg>1s</arg>
</arguments>
<msg level="INFO" timestamp="20170807 15:30:45.171">Slept 1 second</msg>
<status endtime="20170807 15:30:45.171" starttime="20170807 15:30:44.161" status="PASS"></status>
</kw>
<kw library="Weston" name="Capture Screen">
<arguments>
<arg>C:\\tmp\\trang</arg>
<arg>Android</arg>
</arguments>
<msg level="INFO" timestamp="20170807 15:30:47.692">export XDG_RUNTIME_DIR=/run/user/root &amp;&amp; /usr/libexec/weston-screenshooter /tmp/HUScreen.png</msg>
<status endtime="20170807 15:30:47.702" starttime="20170807 15:30:45.171" status="PASS"></status>
</kw>
<kw library="Weston" name="Tap Word">
<arguments>
<arg>Bluetooth</arg>
</arguments>
<msg level="INFO" timestamp="20170807 15:30:54.352">export XDG_RUNTIME_DIR=/run/user/root &amp;&amp; /usr/libexec/weston-screenshooter /tmp/HUScreen.png
{y
we
aed
e
Yo
-
HOME
--1--
To
Setu
Display
Off
Menu
-
&gt;
p
oo
p
g
|
|
DMB
Bis,
vehicle
|
|
f
Che
gyesan
Mountait
Q
Navigation
Iil
Q
(EB
Bluetooth</msg>
<status endtime="20170807 15:30:54.382" starttime="20170807 15:30:47.702" status="PASS"></status>
</kw>
<kw library="BuiltIn" name="Sleep">
<doc>Pauses the test executed for the given time.</doc>
<arguments>
<arg>1s</arg>
</arguments>
<msg level="INFO" timestamp="20170807 15:30:55.403">Slept 1 second</msg>
<status endtime="20170807 15:30:55.403" starttime="20170807 15:30:54.392" status="PASS"></status>
</kw>
<kw library="Weston" name="Capture Screen">
<arguments>
<arg>C:\\tmp\\trang</arg>
<arg>Android</arg>
</arguments>
<msg level="INFO" timestamp="20170807 15:30:57.924">export XDG_RUNTIME_DIR=/run/user/root &amp;&amp; /usr/libexec/weston-screenshooter /tmp/HUScreen.png</msg>
<status endtime="20170807 15:30:57.934" starttime="20170807 15:30:55.403" status="PASS"></status>
</kw>
<kw library="Weston" name="Tap Word">
<arguments>
<arg>Connection</arg>
</arguments>
<msg level="INFO" timestamp="20170807 15:31:05.045">export XDG_RUNTIME_DIR=/run/user/root &amp;&amp; /usr/libexec/weston-screenshooter /tmp/HUScreen.png
{y
we
aed
e
Yo
-
HOME
--1--
To
Bluetooth
Settings
Menu
-
&gt;
-
un
|
|
|
DMB
Bluetooth
Connection</msg>
<status endtime="20170807 15:31:05.045" starttime="20170807 15:30:57.934" status="PASS"></status>
</kw>
<kw library="BuiltIn" name="Sleep">
<doc>Pauses the test executed for the given time.</doc>
<arguments>
<arg>1s</arg>
</arguments>
<msg level="INFO" timestamp="20170807 15:31:06.055">Slept 1 second</msg>
<status endtime="20170807 15:31:06.055" starttime="20170807 15:31:05.055" status="PASS"></status>
</kw>
<kw library="Weston" name="Capture Screen">
<arguments>
<arg>C:\\tmp\\trang</arg>
<arg>Android</arg>
</arguments>
<msg level="INFO" timestamp="20170807 15:31:08.586">export XDG_RUNTIME_DIR=/run/user/root &amp;&amp; /usr/libexec/weston-screenshooter /tmp/HUScreen.png</msg>
<status endtime="20170807 15:31:08.596" starttime="20170807 15:31:06.055" status="PASS"></status>
</kw>
<kw library="Weston" name="Release Device">
<status endtime="20170807 15:31:08.616" starttime="20170807 15:31:08.596" status="PASS"></status>
</kw>
<status critical="yes" endtime="20170807 15:31:08.616" starttime="20170807 15:30:35.832" status="PASS"></status>
</test>
<status endtime="20170807 15:31:08.626" starttime="20170807 15:30:31.864" status="PASS"></status>
</suite>
<status endtime="20170807 15:31:08.657" starttime="20170807 15:30:31.460" status="PASS"></status>
</suite>
<statistics>
<total>
<stat pass="1" fail="0">Critical Tests</stat>
<stat pass="1" fail="0">All Tests</stat>
</total>
<tag>
</tag>
<suite>
<stat pass="1" fail="0" name="HUAutomation" id="s1">HUAutomation</stat>
<stat pass="1" fail="0" name="Test" id="s1-s1">HUAutomation.Test</stat>
</suite>
</statistics>
<errors>
</errors>
</robot>
